2018-10-08 18:11 DEBUG    manager                       Figuring out config load paths
2018-10-08 18:11 DEBUG    manager                       Adding virtualenv path
2018-10-08 18:11 DEBUG    manager                       Found config: /home/braga/flexget/config.yml
2018-10-08 18:11 DEBUG    manager                       Config file /home/braga/flexget/config.yml selected
2018-10-08 18:11 INFO     manager                       Daemonizing...
2018-10-08 18:11 INFO     manager                       Daemonize complete. New PID: 1849
2018-10-08 18:11 INFO     scheduler                     Starting scheduler
2018-10-08 18:11 INFO     web_server_daemon                 Running web server at IP 0.0.0.0:3539
2018-10-08 18:11 INFO     web_server_daemon                 Initiating API
2018-10-08 18:11 INFO     web_server_daemon                 Registering WebUI v1
2018-10-08 18:11 INFO     web_server                    Web interface available at http://192.168.1.8:3539
2018-10-08 18:12 INFO     api_tvdb      get-series-nextep Data for <TVDBEpisode series=The Flash (2014),season=5,episode=1> has expired, refreshing from tvdb
2018-10-08 18:12 ERROR    lazy_lookup   get-series-nextep Unhandled error in lazy lookup plugin: %d format: a number is required, not NoneType
2018-10-08 18:12 CRITICAL manager       get-series-nextep An unexpected crash has occurred. Writing crash report to /home/braga/flexget/crash_report.2018.10.08.181243921715.log. Please verify you are running the latest version of flexget by using "flexget -V" from CLI or by using version_checker plugin at http://flexget.com/wiki/Plugins/version_checker. You are currently using version 2.15.1
2018-10-08 18:12 INFO     api_tvdb      get-series-nextep Data for <TVDBEpisode series=Counterpart,season=2,episode=1> has expired, refreshing from tvdb
2018-10-08 18:13 INFO     api_tvdb      get-series-nextep Data for <TVDBEpisode series=The Good Doctor,season=2,episode=3> has expired, refreshing from tvdb
2018-10-08 18:13 INFO     api_tvdb      get-series-nextep Data for <TVDBEpisode series=Supernatural,season=14,episode=1> has expired, refreshing from tvdb
2018-10-08 18:13 INFO     api_tvdb      get-series-nextep Data for <TVDBEpisode series=The Terror,season=2,episode=1> has expired, refreshing from tvdb
2018-10-08 18:13 ERROR    lazy_lookup   get-series-nextep Unhandled error in lazy lookup plugin: %d format: a number is required, not NoneType
Traceback (most recent call last):
  File "/home/braga/flexget/lib/python2.7/site-packages/flexget/utils/lazy_dict.py", line 37, in __getitem__
    func(self.store)
  File "/home/braga/flexget/lib/python2.7/site-packages/flexget/plugins/metainfo/thetvdb_lookup.py", line 159, in lazy_episode_lookup
    entry.update_using_map(self.episode_map, episode)
  File "/home/braga/flexget/lib/python2.7/site-packages/flexget/entry.py", line 276, in update_using_map
    v = value(source_item)
  File "/home/braga/flexget/lib/python2.7/site-packages/flexget/plugins/metainfo/thetvdb_lookup.py", line 99, in <lambda>
    'tvdb_ep_id': lambda ep: 'S%02dE%02d' % (ep.season_number, ep.episode_number)
TypeError: %d format: a number is required, not NoneType
