2018-10-11 22:30 INFO     download      download-series-rss Downloading: Young Sheldon S02E04 720p HDTV x264-AVS
2018-10-11 22:30 WARNING  torrent_alive                 Socket Error: [Errno -2] Name or service not known
2018-10-11 22:30 WARNING  torrent_alive                 Socket Error: timed out
2018-10-11 22:30 WARNING  torrent_alive                 Socket Error: timed out
2018-10-11 22:30 INFO     transmission  download-series-rss "Young Sheldon S02E04 720p HDTV x264-AVS" torrent added to transmission
2018-10-11 22:45 INFO     move          move-series     `/mnt/BISMARK/downloads/series/Supernatural/Supernatural - S14E01 - Stranger in a Strange Land - [720p hdtv h264].mkv` has been moved to `/mnt/YAMATO/Series/Supernatural/Supernatural - S14E01 - Stranger in a Strange Land - [720p hdtv h264].mkv`
2018-10-11 22:45 INFO     move          move-series     Path `/mnt/BISMARK/downloads/series/Supernatural` has been deleted because was less than clean_source safe value.
2018-10-11 22:46 INFO     move          move-series     `/mnt/BISMARK/downloads/series/Young Sheldon/Young Sheldon - S02E04 - A Financial Secret and Fish Sauce - [720p hdtv h264].mkv` has been moved to `/mnt/YAMATO/Series/Young Sheldon/Young Sheldon - S02E04 - A Financial Secret and Fish Sauce - [720p hdtv h264].mkv`
2018-10-11 22:46 INFO     move          move-series     Path `/mnt/BISMARK/downloads/series/Young Sheldon` has been deleted because was less than clean_source safe value.
2018-10-11 22:46 INFO     exec          move-series     Stdout: find: ‘/mnt/BISMARK/downloads/series/*’: No such file or directory
2018-10-11 22:46 INFO     exec          move-movies     Stdout: find: ‘/mnt/BISMARK/downloads/filmes/*’: No such file or directory
2018-10-11 22:46 INFO     subtitles     download-subtitles Name computed for /mnt/YAMATO/Series/This Is Us/This Is Us - S03E03 - Katie Girls - [720p webdl h264].mkv was This Is
2018-10-11 22:46 INFO     subtitles     download-subtitles Name computed for /mnt/YAMATO/Series/Supernatural/Supernatural - S14E01 - Stranger in a Strange Land - [720p hdtv h264].mkv was Supernatural
2018-10-11 22:46 INFO     subtitles     download-subtitles Name computed for /mnt/YAMATO/Series/American Horror Story/American Horror Story - S08E05 - Boy Wonder - [720p webrip h264].mkv was American Horror Story
2018-10-11 22:46 INFO     subtitles     download-subtitles Name computed for /mnt/YAMATO/Series/The Big Bang Theory/The Big Bang Theory - S12E04 - The Tam Turbulence - [720p hdtv h264].mkv was The Big Bang Theory
2018-10-11 22:46 INFO     subtitles     download-subtitles Name computed for /mnt/YAMATO/Series/Young Sheldon/Young Sheldon - S02E04 - A Financial Secret and Fish Sauce - [720p hdtv h264].mkv was Young Sheldon
2018-10-11 23:00 WARNING  inputs        download-series-rss Error during input plugin rss: HTTP error 502 received from http://showrss.info/user/5325.rss?magnets=true&namespaces=true&name=null&quality=null&re=null
2018-10-11 23:15 INFO     exec          move-series     Stdout: find: ‘/mnt/BISMARK/downloads/series/*’: No such file or directory
2018-10-11 23:15 INFO     exec          move-movies     Stdout: find: ‘/mnt/BISMARK/downloads/filmes/*’: No such file or directory
2018-10-11 23:15 INFO     subtitles     download-subtitles Name computed for /mnt/YAMATO/Series/This Is Us/This Is Us - S03E03 - Katie Girls - [720p webdl h264].mkv was This Is
2018-10-11 23:15 INFO     subtitles     download-subtitles Name computed for /mnt/YAMATO/Series/Supernatural/Supernatural - S14E01 - Stranger in a Strange Land - [720p hdtv h264].mkv was Supernatural
2018-10-11 23:15 INFO     subtitles     download-subtitles Name computed for /mnt/YAMATO/Series/American Horror Story/American Horror Story - S08E05 - Boy Wonder - [720p webrip h264].mkv was American Horror Story
2018-10-11 23:15 INFO     subtitles     download-subtitles Subtitles found for /mnt/YAMATO/Series/American Horror Story/American Horror Story - S08E05 - Boy Wonder - [720p webrip h264].mkv
2018-10-11 23:15 INFO     subtitles     download-subtitles Name computed for /mnt/YAMATO/Series/The Big Bang Theory/The Big Bang Theory - S12E04 - The Tam Turbulence - [720p hdtv h264].mkv was The Big Bang Theory
2018-10-11 23:15 INFO     subtitles     download-subtitles Name computed for /mnt/YAMATO/Series/Young Sheldon/Young Sheldon - S02E04 - A Financial Secret and Fish Sauce - [720p hdtv h264].mkv was Young Sheldon
2018-10-11 23:45 INFO     exec          move-series     Stdout: find: ‘/mnt/BISMARK/downloads/series/*’: No such file or directory
2018-10-11 23:45 INFO     exec          move-movies     Stdout: find: ‘/mnt/BISMARK/downloads/filmes/*’: No such file or directory
2018-10-11 23:45 INFO     subtitles     download-subtitles Name computed for /mnt/YAMATO/Series/This Is Us/This Is Us - S03E03 - Katie Girls - [720p webdl h264].mkv was This Is
2018-10-11 23:45 INFO     subtitles     download-subtitles Name computed for /mnt/YAMATO/Series/Supernatural/Supernatural - S14E01 - Stranger in a Strange Land - [720p hdtv h264].mkv was Supernatural
2018-10-11 23:45 INFO     subtitles     download-subtitles Name computed for /mnt/YAMATO/Series/The Big Bang Theory/The Big Bang Theory - S12E04 - The Tam Turbulence - [720p hdtv h264].mkv was The Big Bang Theory
2018-10-11 23:45 INFO     subtitles     download-subtitles Name computed for /mnt/YAMATO/Series/Young Sheldon/Young Sheldon - S02E04 - A Financial Secret and Fish Sauce - [720p hdtv h264].mkv was Young Sheldon
2018-10-12 00:01 WARNING  movie_list    clean-movies-queue Could not get a movie name, skipping
2018-10-12 00:01 WARNING  movie_list    clean-movies-queue Could not get a movie name, skipping
2018-10-12 00:02 WARNING  movie_list    clean-movies-queue Could not get a movie name, skipping
2018-10-12 00:03 WARNING  movie_list    clean-movies-queue Could not get a movie name, skipping
2018-10-12 00:03 INFO     trakt_list    clean-movies-queue Successfully deleted to/from list watchlist: 0 movie(s), 0 show(s), 0 episode(s), 0 season(s).
2018-10-12 00:03 INFO     transmission  clean-transmission Removing finished torrent `The.Gifted.S02E03.1080p.HDTV.x264-CRAVERS[rarbg]` from transmission
2018-10-12 00:03 INFO     transmission  clean-transmission Removing finished torrent `American Horror Story - S08E05 - Boy Wonder - [720p webrip h264].mkv` from transmission
2018-10-12 00:03 INFO     trakt_list    update-series-list Successfully added to/from list watchlist: 0 movie(s), 6 show(s), 0 episode(s), 0 season(s).
2018-10-12 00:04 INFO     download      download-series-rss Downloading: How to Get Away with Murder S05E03 HDTV x264-SVA
2018-10-12 00:04 INFO     remember_rej  download-series-rss Remembering rejection of `How to Get Away with Murder S05E03 HDTV x264-SVA`
2018-10-12 00:04 INFO     task          download-series-rss Plugin content_size has requested task to be ran again after execution has completed.
2018-10-12 00:04 INFO     task          download-series-rss Rerunning the task in case better resolution can be achieved.
2018-10-12 00:04 INFO     api_tvdb      get-series-nextep Data for <TVDBEpisode series=The Big Bang Theory,season=12,episode=4> has expired, refreshing from tvdb
2018-10-12 00:04 INFO     api_tvdb      get-series-nextep Data for <TVDBEpisode series=Young Sheldon,season=2,episode=4> has expired, refreshing from tvdb
2018-10-12 00:04 INFO     api_tvdb      get-series-nextep Data for <TVDBEpisode series=The Flash (2014),season=5,episode=1> has expired, refreshing from tvdb
2018-10-12 00:04 ERROR    lazy_lookup   get-series-nextep Unhandled error in lazy lookup plugin: %d format: a number is required, not NoneType
2018-10-12 00:04 CRITICAL manager       get-series-nextep An unexpected crash has occurred. Writing crash report to /home/braga/flexget/crash_report.2018.10.12.000459338584.log. Please verify you are running the latest version of flexget by using "flexget -V" from CLI or by using version_checker plugin at http://flexget.com/wiki/Plugins/version_checker. You are currently using version 2.15.1
2018-10-12 00:05 INFO     api_tvdb      get-series-nextep Data for <TVDBEpisode series=The Terror,season=2,episode=1> has expired, refreshing from tvdb
2018-10-12 00:05 ERROR    lazy_lookup   get-series-nextep Unhandled error in lazy lookup plugin: %d format: a number is required, not NoneType
Traceback (most recent call last):
  File "/home/braga/flexget/lib/python2.7/site-packages/flexget/utils/lazy_dict.py", line 37, in __getitem__
    func(self.store)
  File "/home/braga/flexget/lib/python2.7/site-packages/flexget/plugins/metainfo/thetvdb_lookup.py", line 159, in lazy_episode_lookup
    entry.update_using_map(self.episode_map, episode)
  File "/home/braga/flexget/lib/python2.7/site-packages/flexget/entry.py", line 276, in update_using_map
    v = value(source_item)
  File "/home/braga/flexget/lib/python2.7/site-packages/flexget/plugins/metainfo/thetvdb_lookup.py", line 99, in <lambda>
    'tvdb_ep_id': lambda ep: 'S%02dE%02d' % (ep.season_number, ep.episode_number)
TypeError: %d format: a number is required, not NoneType
