2018-10-06 11:50 DEBUG    seen          download-series-rss Learned 'DF6A84DEFF4A44303AB41F495E6E8F1F2AD562EF' (field: torrent_info_hash, local: 0)
2018-10-06 11:50 DEBUG    seen          download-series-rss Learned 'Young Sheldon S02E03 1080p HDTV x264 PLUTONiUM' (field: title, local: 0)
2018-10-06 11:50 DEBUG    seen          download-series-rss Learned 'magnet:?xt=urn:btih:8EFB02FC848B13DB273F5854E0FC15DC2A2EE842&dn=Young+Sheldon+S02E03+1080p+HDTV+x264+PLUTONiUM&tr=udp%3A%2F%2Ftracker.coppersurfer.tk%3A6969%2Fannounce&tr=udp%3A%2F%2Ftracker.leechers-paradise.org%3A6969%2Fannounce&tr=udp%3A%2F%2Ftracker.opentrackr.org%3A1337%2Fannounce&tr=http%3A%2F%2Ftracker.trackerfix.com%3A80%2Fannounce' (field: url, local: 0)
2018-10-06 11:50 DEBUG    seen          download-series-rss Learned 'How to Get Away with Murder S05E02 720p HDTV x264 AVS' (field: title, local: 0)
2018-10-06 11:50 DEBUG    seen          download-series-rss Learned 'magnet:?xt=urn:btih:A8B9427B20BBA8DA36D8D044F140A9620731F0D8&dn=How+to+Get+Away+with+Murder+S05E02+720p+HDTV+x264+AVS&tr=udp%3A%2F%2Ftracker.coppersurfer.tk%3A6969%2Fannounce&tr=udp%3A%2F%2Ftracker.leechers-paradise.org%3A6969%2Fannounce&tr=udp%3A%2F%2Ftracker.opentrackr.org%3A1337%2Fannounce&tr=http%3A%2F%2Ftracker.trackerfix.com%3A80%2Fannounce' (field: url, local: 0)
2018-10-06 11:50 DEBUG    seen          download-series-rss Learned 'The Man In The High Castle S03E10 720p WEB h264 SKGTV' (field: title, local: 0)
2018-10-06 11:50 DEBUG    seen          download-series-rss Learned 'magnet:?xt=urn:btih:8BC5FC3F58937E815FD072CB4ADBB81872A52C9F&dn=The+Man+In+The+High+Castle+S03E10+720p+WEB+h264+SKGTV&tr=udp%3A%2F%2Ftracker.coppersurfer.tk%3A6969%2Fannounce&tr=udp%3A%2F%2Ftracker.leechers-paradise.org%3A6969%2Fannounce&tr=udp%3A%2F%2Ftracker.opentrackr.org%3A1337%2Fannounce&tr=http%3A%2F%2Ftracker.trackerfix.com%3A80%2Fannounce' (field: url, local: 0)
2018-10-06 11:50 DEBUG    seen          download-series-rss Learned 'The Man In The High Castle S03E07 720p WEB h264 SKGTV' (field: title, local: 0)
2018-10-06 11:50 DEBUG    seen          download-series-rss Learned 'magnet:?xt=urn:btih:60F24A8246EB55E797EDA3EAC9050D9928340CA1&dn=The+Man+In+The+High+Castle+S03E07+720p+WEB+h264+SKGTV&tr=udp%3A%2F%2Ftracker.coppersurfer.tk%3A6969%2Fannounce&tr=udp%3A%2F%2Ftracker.leechers-paradise.org%3A6969%2Fannounce&tr=udp%3A%2F%2Ftracker.opentrackr.org%3A1337%2Fannounce&tr=http%3A%2F%2Ftracker.trackerfix.com%3A80%2Fannounce' (field: url, local: 0)
2018-10-06 11:50 DEBUG    seen          download-series-rss Learned 'The Man In The High Castle S03E08 720p WEB h264 SKGTV' (field: title, local: 0)
2018-10-06 11:50 DEBUG    seen          download-series-rss Learned 'magnet:?xt=urn:btih:7B152C385290F102465C732F0C80F6C78DF7FEE5&dn=The+Man+In+The+High+Castle+S03E08+720p+WEB+h264+SKGTV&tr=udp%3A%2F%2Ftracker.coppersurfer.tk%3A6969%2Fannounce&tr=udp%3A%2F%2Ftracker.leechers-paradise.org%3A6969%2Fannounce&tr=udp%3A%2F%2Ftracker.opentrackr.org%3A1337%2Fannounce&tr=http%3A%2F%2Ftracker.trackerfix.com%3A80%2Fannounce' (field: url, local: 0)
2018-10-06 11:50 DEBUG    seen          download-series-rss Learned 'The Man In The High Castle S03E09 720p WEB h264 SKGTV' (field: title, local: 0)
2018-10-06 11:50 DEBUG    seen          download-series-rss Learned 'magnet:?xt=urn:btih:563114BD354FD0617C82FC8243837D11D961AA4A&dn=The+Man+In+The+High+Castle+S03E09+720p+WEB+h264+SKGTV&tr=udp%3A%2F%2Ftracker.coppersurfer.tk%3A6969%2Fannounce&tr=udp%3A%2F%2Ftracker.leechers-paradise.org%3A6969%2Fannounce&tr=udp%3A%2F%2Ftracker.opentrackr.org%3A1337%2Fannounce&tr=http%3A%2F%2Ftracker.trackerfix.com%3A80%2Fannounce' (field: url, local: 0)
2018-10-06 11:50 DEBUG    seen          download-series-rss Learned 'The Man In The High Castle S03E02 720p WEB h264 SKGTV' (field: title, local: 0)
2018-10-06 11:50 DEBUG    seen          download-series-rss Learned 'magnet:?xt=urn:btih:4C26A530151EA1EF6D9E89A7157C3247F7796672&dn=The+Man+In+The+High+Castle+S03E02+720p+WEB+h264+SKGTV&tr=udp%3A%2F%2Ftracker.coppersurfer.tk%3A6969%2Fannounce&tr=udp%3A%2F%2Ftracker.leechers-paradise.org%3A6969%2Fannounce&tr=udp%3A%2F%2Ftracker.opentrackr.org%3A1337%2Fannounce&tr=http%3A%2F%2Ftracker.trackerfix.com%3A80%2Fannounce' (field: url, local: 0)
2018-10-06 11:50 DEBUG    seen          download-series-rss Learned 'The Man In The High Castle S03E03 720p WEB h264 SKGTV' (field: title, local: 0)
2018-10-06 11:50 DEBUG    seen          download-series-rss Learned 'magnet:?xt=urn:btih:1717A8CD4DF0ACC7EE0FBC450A9D45DCBF033AFB&dn=The+Man+In+The+High+Castle+S03E03+720p+WEB+h264+SKGTV&tr=udp%3A%2F%2Ftracker.coppersurfer.tk%3A6969%2Fannounce&tr=udp%3A%2F%2Ftracker.leechers-paradise.org%3A6969%2Fannounce&tr=udp%3A%2F%2Ftracker.opentrackr.org%3A1337%2Fannounce&tr=http%3A%2F%2Ftracker.trackerfix.com%3A80%2Fannounce' (field: url, local: 0)
2018-10-06 11:50 DEBUG    seen          download-series-rss Learned 'The Man In The High Castle S03E05 720p WEB h264 SKGTV' (field: title, local: 0)
2018-10-06 11:50 DEBUG    seen          download-series-rss Learned 'magnet:?xt=urn:btih:F3EA290465D783DA064EDF242430B4A59BB675D6&dn=The+Man+In+The+High+Castle+S03E05+720p+WEB+h264+SKGTV&tr=udp%3A%2F%2Ftracker.coppersurfer.tk%3A6969%2Fannounce&tr=udp%3A%2F%2Ftracker.leechers-paradise.org%3A6969%2Fannounce&tr=udp%3A%2F%2Ftracker.opentrackr.org%3A1337%2Fannounce&tr=http%3A%2F%2Ftracker.trackerfix.com%3A80%2Fannounce' (field: url, local: 0)
2018-10-06 11:50 DEBUG    seen          download-series-rss Learned 'The Man In The High Castle S03E06 720p WEB h264 SKGTV' (field: title, local: 0)
2018-10-06 11:50 DEBUG    seen          download-series-rss Learned 'magnet:?xt=urn:btih:CBB754F1092CFE3E9FB9DDE2EE686C121C2D5FC0&dn=The+Man+In+The+High+Castle+S03E06+720p+WEB+h264+SKGTV&tr=udp%3A%2F%2Ftracker.coppersurfer.tk%3A6969%2Fannounce&tr=udp%3A%2F%2Ftracker.leechers-paradise.org%3A6969%2Fannounce&tr=udp%3A%2F%2Ftracker.opentrackr.org%3A1337%2Fannounce&tr=http%3A%2F%2Ftracker.trackerfix.com%3A80%2Fannounce' (field: url, local: 0)
2018-10-06 11:50 DEBUG    seen          download-series-rss Learned 'The Man In The High Castle S03E04 720p WEB h264 SKGTV' (field: title, local: 0)
2018-10-06 11:50 DEBUG    seen          download-series-rss Learned 'magnet:?xt=urn:btih:EF2DC3DB6F16935FED44653BC323FD45FF1B3EEE&dn=The+Man+In+The+High+Castle+S03E04+720p+WEB+h264+SKGTV&tr=udp%3A%2F%2Ftracker.coppersurfer.tk%3A6969%2Fannounce&tr=udp%3A%2F%2Ftracker.leechers-paradise.org%3A6969%2Fannounce&tr=udp%3A%2F%2Ftracker.opentrackr.org%3A1337%2Fannounce&tr=http%3A%2F%2Ftracker.trackerfix.com%3A80%2Fannounce' (field: url, local: 0)
2018-10-06 11:50 DEBUG    seen          download-series-rss Learned '9 1 1 S02E02 720p HDTV x264 LucidTV' (field: title, local: 0)
2018-10-06 11:50 DEBUG    seen          download-series-rss Learned 'magnet:?xt=urn:btih:DF6A84DEFF4A44303AB41F495E6E8F1F2AD562EF&dn=9+1+1+S02E02+720p+HDTV+x264+LucidTV&tr=udp%3A%2F%2Ftracker.coppersurfer.tk%3A6969%2Fannounce&tr=udp%3A%2F%2Ftracker.leechers-paradise.org%3A6969%2Fannounce&tr=udp%3A%2F%2Ftracker.opentrackr.org%3A1337%2Fannounce&tr=http%3A%2F%2Ftracker.trackerfix.com%3A80%2Fannounce' (field: url, local: 0)
2018-10-06 11:50 DEBUG    logfilter     download-series-rss Log filter 140561667723728 removed
2018-10-06 11:50 DEBUG    logfilter     download-series-rss Log filter 140561696422800 removed
2018-10-06 11:50 DEBUG    logfilter     download-series-rss Log filter 140561696420496 removed
2018-10-06 11:50 DEBUG    logfilter     download-series-rss Log filter 140561713328528 removed
2018-10-06 11:50 DEBUG    logfilter     download-series-rss Log filter 140561670598800 removed
2018-10-06 11:50 DEBUG    logfilter     download-series-rss Log filter 140561670602512 removed
2018-10-06 11:50 DEBUG    logfilter     download-series-rss Log filter 140561670600400 removed
2018-10-06 11:50 DEBUG    logfilter     download-series-rss Log filter 140561670602320 removed
2018-10-06 11:50 DEBUG    logfilter     download-series-rss Log filter 140561670598928 removed
2018-10-06 11:50 DEBUG    logfilter     download-series-rss Log filter 140561666441872 removed
2018-10-06 11:50 DEBUG    logfilter     download-series-rss Log filter 140561666441744 removed
2018-10-06 11:50 DEBUG    logfilter     download-series-rss Log filter 140561666443280 removed
2018-10-06 11:50 DEBUG    logfilter     download-series-rss Log filter 140561666444880 removed
2018-10-06 11:50 DEBUG    logfilter     download-series-rss Log filter 140561666441360 removed
2018-10-06 11:50 DEBUG    logfilter     download-series-rss Log filter 140561666442832 removed
2018-10-06 11:50 DEBUG    logfilter     download-series-rss Log filter 140561666444688 removed
2018-10-06 11:50 DEBUG    logfilter     download-series-rss Log filter 140561666441424 removed
2018-10-06 11:50 DEBUG    logfilter     download-series-rss Log filter 140561666444752 removed
2018-10-06 11:50 DEBUG    logfilter     download-series-rss Log filter 140561666442000 removed
2018-10-06 11:50 DEBUG    logfilter     download-series-rss Log filter 140561666443728 removed
2018-10-06 11:50 DEBUG    logfilter     download-series-rss Log filter 140561666445008 removed
2018-10-06 11:50 DEBUG    util.simple_persistence download-series-rss Flushing simple persistence for task download-series-rss to db.
2018-10-06 11:50 DEBUG    util.simple_persistence download-series-rss Flushing simple persistence for task None to db.
2018-10-06 12:00 INFO     api_tvdb      get-series-nextep Data for <TVDBEpisode series=The Flash (2014),season=5,episode=1> has expired, refreshing from tvdb
2018-10-06 12:00 ERROR    lazy_lookup   get-series-nextep Unhandled error in lazy lookup plugin: %d format: a number is required, not NoneType
Traceback (most recent call last):
  File "/home/braga/flexget/lib/python2.7/site-packages/flexget/utils/lazy_dict.py", line 37, in __getitem__
    func(self.store)
  File "/home/braga/flexget/lib/python2.7/site-packages/flexget/plugins/metainfo/thetvdb_lookup.py", line 159, in lazy_episode_lookup
    entry.update_using_map(self.episode_map, episode)
  File "/home/braga/flexget/lib/python2.7/site-packages/flexget/entry.py", line 276, in update_using_map
    v = value(source_item)
  File "/home/braga/flexget/lib/python2.7/site-packages/flexget/plugins/metainfo/thetvdb_lookup.py", line 99, in <lambda>
    'tvdb_ep_id': lambda ep: 'S%02dE%02d' % (ep.season_number, ep.episode_number)
TypeError: %d format: a number is required, not NoneType
