2018-10-13 02:02 INFO     set_series_begin set-series-nextep First episode for "How To Get Away With Murder 2014" set to S01E15
2018-10-13 02:02 INFO     set_series_begin set-series-nextep First episode for "Deutschland 83" set to S02E01
2018-10-13 02:02 INFO     set_series_begin set-series-nextep First episode for "Britannia" set to S01E08
2018-10-13 02:02 INFO     set_series_begin set-series-nextep First episode for "The Inheritance Lawyer Shinichi Kakizaki 2016" set to S01E01
2018-10-13 02:02 INFO     set_series_begin set-series-nextep First episode for "Goliath" set to S03E01
2018-10-13 02:02 INFO     set_series_begin set-series-nextep First episode for "Outlander 2014" set to S04E01
2018-10-13 02:02 INFO     set_series_begin set-series-nextep First episode for "Salvation" set to S03E01
2018-10-13 02:02 INFO     set_series_begin set-series-nextep First episode for "The Handmaids Tale" set to S03E01
2018-10-13 02:02 INFO     set_series_begin set-series-nextep First episode for "Killjoys 2015" set to S02E01
2018-10-13 02:02 INFO     set_series_begin set-series-nextep First episode for "The Expanse" set to S03E13
2018-10-13 02:02 INFO     set_series_begin set-series-nextep First episode for "9-1-1" set to S01E05
2018-10-13 02:02 INFO     set_series_begin set-series-nextep First episode for "The Flash (2014)" set to S05E01
2018-10-13 02:02 INFO     set_series_begin set-series-nextep First episode for "Young Sheldon" set to S02E04
2018-10-13 02:02 INFO     set_series_begin set-series-nextep First episode for "House of Cards (US)" set to S05E12
2018-10-13 02:02 INFO     set_series_begin set-series-nextep First episode for "Into The Dark 2018" set to S02E01
2018-10-13 02:02 INFO     set_series_begin set-series-nextep First episode for "Frankie Drake Mysteries" set to S01E02
2018-10-13 02:02 INFO     set_series_begin set-series-nextep First episode for "Speechless" set to S02E14
2018-10-13 02:02 INFO     set_series_begin set-series-nextep First episode for "Golden Life" set to S02E01
2018-10-13 02:02 INFO     set_series_begin set-series-nextep First episode for "The Girlfriend Experience" set to S03E01
2018-10-13 02:02 INFO     set_series_begin set-series-nextep First episode for "Blindspot" set to S04E01
2018-10-13 02:15 INFO     exec          move-series     Stdout: find: ‘/mnt/BISMARK/downloads/series/*’: No such file or directory
2018-10-13 02:15 INFO     exec          move-movies     Stdout: find: ‘/mnt/BISMARK/downloads/filmes/*’: No such file or directory
2018-10-13 02:15 INFO     subtitles     download-subtitles Name computed for /mnt/YAMATO/Series/Supernatural/Supernatural - S14E01 - Stranger in a Strange Land - [720p hdtv h264].mkv was Supernatural
2018-10-13 02:15 CRITICAL task          download-subtitles BUG: Unhandled error in plugin subliminal: 'list' object has no attribute 'lower'
2018-10-13 02:15 CRITICAL manager       download-subtitles An unexpected crash has occurred. Writing crash report to /home/braga/flexget/crash_report.2018.10.13.021505288155.log. Please verify you are running the latest version of flexget by using "flexget -V" from CLI or by using version_checker plugin at http://flexget.com/wiki/Plugins/version_checker. You are currently using version 2.15.1
2018-10-13 02:15 WARNING  task          download-subtitles Aborting task (plugin: subliminal)
2018-10-13 02:45 INFO     exec          move-series     Stdout: find: ‘/mnt/BISMARK/downloads/series/*’: No such file or directory
2018-10-13 02:45 INFO     exec          move-movies     Stdout: find: ‘/mnt/BISMARK/downloads/filmes/*’: No such file or directory
2018-10-13 02:45 INFO     subtitles     download-subtitles Name computed for /mnt/YAMATO/Series/Supernatural/Supernatural - S14E01 - Stranger in a Strange Land - [720p hdtv h264].mkv was Supernatural
2018-10-13 02:45 CRITICAL task          download-subtitles BUG: Unhandled error in plugin subliminal: 'list' object has no attribute 'lower'
2018-10-13 02:45 CRITICAL manager       download-subtitles An unexpected crash has occurred. Writing crash report to /home/braga/flexget/crash_report.2018.10.13.024504986758.log. Please verify you are running the latest version of flexget by using "flexget -V" from CLI or by using version_checker plugin at http://flexget.com/wiki/Plugins/version_checker. You are currently using version 2.15.1
2018-10-13 02:45 WARNING  task          download-subtitles Aborting task (plugin: subliminal)
2018-10-13 03:15 INFO     exec          move-series     Stdout: find: ‘/mnt/BISMARK/downloads/series/*’: No such file or directory
2018-10-13 03:15 INFO     exec          move-movies     Stdout: find: ‘/mnt/BISMARK/downloads/filmes/*’: No such file or directory
2018-10-13 03:15 INFO     subtitles     download-subtitles Name computed for /mnt/YAMATO/Series/Supernatural/Supernatural - S14E01 - Stranger in a Strange Land - [720p hdtv h264].mkv was Supernatural
2018-10-13 03:15 CRITICAL task          download-subtitles BUG: Unhandled error in plugin subliminal: 'list' object has no attribute 'lower'
2018-10-13 03:15 CRITICAL manager       download-subtitles An unexpected crash has occurred. Writing crash report to /home/braga/flexget/crash_report.2018.10.13.031504970666.log. Please verify you are running the latest version of flexget by using "flexget -V" from CLI or by using version_checker plugin at http://flexget.com/wiki/Plugins/version_checker. You are currently using version 2.15.1
2018-10-13 03:15 WARNING  task          download-subtitles Aborting task (plugin: subliminal)
2018-10-13 03:45 INFO     exec          move-series     Stdout: find: ‘/mnt/BISMARK/downloads/series/*’: No such file or directory
2018-10-13 03:45 INFO     exec          move-movies     Stdout: find: ‘/mnt/BISMARK/downloads/filmes/*’: No such file or directory
2018-10-13 03:45 INFO     subtitles     download-subtitles Name computed for /mnt/YAMATO/Series/Supernatural/Supernatural - S14E01 - Stranger in a Strange Land - [720p hdtv h264].mkv was Supernatural
2018-10-13 03:45 CRITICAL task          download-subtitles BUG: Unhandled error in plugin subliminal: 'list' object has no attribute 'lower'
2018-10-13 03:45 CRITICAL manager       download-subtitles An unexpected crash has occurred. Writing crash report to /home/braga/flexget/crash_report.2018.10.13.034505188409.log. Please verify you are running the latest version of flexget by using "flexget -V" from CLI or by using version_checker plugin at http://flexget.com/wiki/Plugins/version_checker. You are currently using version 2.15.1
2018-10-13 03:45 WARNING  task          download-subtitles Aborting task (plugin: subliminal)
2018-10-13 04:00 INFO     api_tvdb      get-series-nextep Data for <TVDBEpisode series=The Flash (2014),season=5,episode=1> has expired, refreshing from tvdb
2018-10-13 04:00 ERROR    lazy_lookup   get-series-nextep Unhandled error in lazy lookup plugin: %d format: a number is required, not NoneType
2018-10-13 04:00 CRITICAL manager       get-series-nextep An unexpected crash has occurred. Writing crash report to /home/braga/flexget/crash_report.2018.10.13.040049655850.log. Please verify you are running the latest version of flexget by using "flexget -V" from CLI or by using version_checker plugin at http://flexget.com/wiki/Plugins/version_checker. You are currently using version 2.15.1
2018-10-13 04:01 INFO     api_tvdb      get-series-nextep Data for <TVDBEpisode series=Supernatural,season=14,episode=1> has expired, refreshing from tvdb
2018-10-13 04:01 INFO     api_tvdb      get-series-nextep Data for <TVDBEpisode series=The Terror,season=2,episode=1> has expired, refreshing from tvdb
2018-10-13 04:01 ERROR    lazy_lookup   get-series-nextep Unhandled error in lazy lookup plugin: %d format: a number is required, not NoneType
Traceback (most recent call last):
  File "/home/braga/flexget/lib/python2.7/site-packages/flexget/utils/lazy_dict.py", line 37, in __getitem__
    func(self.store)
  File "/home/braga/flexget/lib/python2.7/site-packages/flexget/plugins/metainfo/thetvdb_lookup.py", line 159, in lazy_episode_lookup
    entry.update_using_map(self.episode_map, episode)
  File "/home/braga/flexget/lib/python2.7/site-packages/flexget/entry.py", line 276, in update_using_map
    v = value(source_item)
  File "/home/braga/flexget/lib/python2.7/site-packages/flexget/plugins/metainfo/thetvdb_lookup.py", line 99, in <lambda>
    'tvdb_ep_id': lambda ep: 'S%02dE%02d' % (ep.season_number, ep.episode_number)
TypeError: %d format: a number is required, not NoneType
