2018-10-08 10:01 INFO     set_series_begin set-series-nextep First episode for "Humans" set to S04E01
2018-10-08 10:01 INFO     set_series_begin set-series-nextep First episode for "American Crime Story" set to S01E04
2018-10-08 10:01 INFO     set_series_begin set-series-nextep First episode for "The 100" set to S06E01
2018-10-08 10:01 INFO     set_series_begin set-series-nextep First episode for "The Sinner 2017" set to S02E06
2018-10-08 10:01 INFO     set_series_begin set-series-nextep First episode for "This Is Us 2016" set to S02E08
2018-10-08 10:01 INFO     set_series_begin set-series-nextep First episode for "Into the Badlands" set to S03E02
2018-10-08 10:01 INFO     set_series_begin set-series-nextep First episode for "Instinct None" set to S01E01
2018-10-08 10:01 INFO     set_series_begin set-series-nextep First episode for "Condor 2018" set to S01E04
2018-10-08 10:01 INFO     set_series_begin set-series-nextep First episode for "Westworld" set to S02E10
2018-10-08 10:01 INFO     set_series_begin set-series-nextep First episode for "Counterpart" set to S02E01
2018-10-08 10:01 INFO     set_series_begin set-series-nextep First episode for "Unforgotten" set to S04E01
2018-10-08 10:01 INFO     set_series_begin set-series-nextep First episode for "How To Get Away With Murder 2014" set to S01E15
2018-10-08 10:01 INFO     set_series_begin set-series-nextep First episode for "Deutschland 83" set to S02E01
2018-10-08 10:01 INFO     set_series_begin set-series-nextep First episode for "Britannia" set to S01E08
2018-10-08 10:01 INFO     set_series_begin set-series-nextep First episode for "The Inheritance Lawyer Shinichi Kakizaki 2016" set to S01E01
2018-10-08 10:01 INFO     set_series_begin set-series-nextep First episode for "Goliath" set to S03E01
2018-10-08 10:01 INFO     set_series_begin set-series-nextep First episode for "Outlander 2014" set to S04E01
2018-10-08 10:01 INFO     set_series_begin set-series-nextep First episode for "Salvation" set to S03E01
2018-10-08 10:01 INFO     set_series_begin set-series-nextep First episode for "The Handmaids Tale" set to S03E01
2018-10-08 10:01 INFO     set_series_begin set-series-nextep First episode for "Killjoys 2015" set to S02E01
2018-10-08 10:01 INFO     set_series_begin set-series-nextep First episode for "The Expanse" set to S03E13
2018-10-08 10:01 INFO     set_series_begin set-series-nextep First episode for "The Flash (2014)" set to S05E01
2018-10-08 10:01 INFO     set_series_begin set-series-nextep First episode for "A Discovery Of Witches 2018" set to S01E04
2018-10-08 10:01 INFO     set_series_begin set-series-nextep First episode for "House of Cards (US)" set to S05E12
2018-10-08 10:01 INFO     set_series_begin set-series-nextep First episode for "Frankie Drake Mysteries" set to S01E02
2018-10-08 10:01 INFO     set_series_begin set-series-nextep First episode for "Speechless" set to S02E14
2018-10-08 10:01 INFO     set_series_begin set-series-nextep First episode for "Golden Life" set to S02E01
2018-10-08 10:01 INFO     set_series_begin set-series-nextep First episode for "The Girlfriend Experience" set to S03E01
2018-10-08 10:01 INFO     set_series_begin set-series-nextep First episode for "Blindspot" set to S03E14
2018-10-08 10:02 ERROR    discover      download-movies-1080p-discover Error searching with piratebay: RequestException: 500 Server Error: Internal Server Error for url: https://tpbbay.eu/search/Justice%20League%202/0/7/207
2018-10-08 10:03 ERROR    discover      download-movies-720p-discover Error searching with piratebay: RequestException: 500 Server Error: Internal Server Error for url: https://tpbbay.eu/search/Justice%20League%202/0/7/207
2018-10-08 10:15 INFO     exec          move-series     Stdout: find: '/mnt/BISMARK/downloads/series/*': No such file or directory
2018-10-08 10:15 INFO     exec          move-movies     Stdout: find: '/mnt/BISMARK/downloads/filmes/*': No such file or directory
2018-10-08 10:15 CRITICAL task          download-subtitles BUG: Unhandled error in plugin subtitle_list: 'ascii' codec can't decode byte 0xc3 in position 42: ordinal not in range(128)
2018-10-08 10:15 CRITICAL manager       download-subtitles An unexpected crash has occurred. Writing crash report to /home/braga/flexget/crash_report.2018.10.08.101500818271.log. Please verify you are running the latest version of flexget by using "flexget -V" from CLI or by using version_checker plugin at http://flexget.com/wiki/Plugins/version_checker. You are currently using version 2.14.25
2018-10-08 10:15 WARNING  task          download-subtitles Aborting task (plugin: subtitle_list)
2018-10-08 10:45 INFO     exec          move-series     Stdout: find: '/mnt/BISMARK/downloads/series/*': No such file or directory
2018-10-08 10:45 INFO     exec          move-movies     Stdout: find: '/mnt/BISMARK/downloads/filmes/*': No such file or directory
2018-10-08 10:45 CRITICAL task          download-subtitles BUG: Unhandled error in plugin subtitle_list: 'ascii' codec can't decode byte 0xc3 in position 42: ordinal not in range(128)
2018-10-08 10:45 CRITICAL manager       download-subtitles An unexpected crash has occurred. Writing crash report to /home/braga/flexget/crash_report.2018.10.08.104500814554.log. Please verify you are running the latest version of flexget by using "flexget -V" from CLI or by using version_checker plugin at http://flexget.com/wiki/Plugins/version_checker. You are currently using version 2.14.25
2018-10-08 10:45 WARNING  task          download-subtitles Aborting task (plugin: subtitle_list)
2018-10-08 11:00 WARNING  inputs        download-series-rss Error during input plugin rss: HTTP error 525 received from https://eztv.ag/ezrss.xml
2018-10-08 11:15 INFO     exec          move-series     Stdout: find: '/mnt/BISMARK/downloads/series/*': No such file or directory
2018-10-08 11:15 INFO     exec          move-movies     Stdout: find: '/mnt/BISMARK/downloads/filmes/*': No such file or directory
2018-10-08 11:15 CRITICAL task          download-subtitles BUG: Unhandled error in plugin subtitle_list: 'ascii' codec can't decode byte 0xc3 in position 42: ordinal not in range(128)
2018-10-08 11:15 CRITICAL manager       download-subtitles An unexpected crash has occurred. Writing crash report to /home/braga/flexget/crash_report.2018.10.08.111500741246.log. Please verify you are running the latest version of flexget by using "flexget -V" from CLI or by using version_checker plugin at http://flexget.com/wiki/Plugins/version_checker. You are currently using version 2.14.25
2018-10-08 11:15 WARNING  task          download-subtitles Aborting task (plugin: subtitle_list)
2018-10-08 11:45 INFO     exec          move-series     Stdout: find: '/mnt/BISMARK/downloads/series/*': No such file or directory
2018-10-08 11:45 INFO     exec          move-movies     Stdout: find: '/mnt/BISMARK/downloads/filmes/*': No such file or directory
2018-10-08 11:45 CRITICAL task          download-subtitles BUG: Unhandled error in plugin subtitle_list: 'ascii' codec can't decode byte 0xc3 in position 42: ordinal not in range(128)
Traceback (most recent call last):
  File "/home/braga/flexget/lib/python2.7/site-packages/flexget/task.py", line 486, in __run_plugin
    return method(*args, **kwargs)
  File "/home/braga/flexget/lib/python2.7/site-packages/flexget/event.py", line 23, in __call__
    return self.func(*args, **kwargs)
  File "/home/braga/flexget/lib/python2.7/site-packages/flexget/plugins/list/subtitle_list.py", line 306, in on_task_input
    elif config['check_subtitles'] and self.all_subtitles_exist(item['location'], languages):
  File "/home/braga/flexget/lib/python2.7/site-packages/flexget/plugins/list/subtitle_list.py", line 249, in all_subtitles_exist
    existing_subtitles = set(subliminal.core.search_external_subtitles(file).values())
  File "/home/braga/flexget/lib/python2.7/site-packages/subliminal/core.py", line 341, in search_external_subtitles
    if not p.startswith(fileroot) or not p.endswith(SUBTITLE_EXTENSIONS):
UnicodeDecodeError: 'ascii' codec can't decode byte 0xc3 in position 42: ordinal not in range(128)
