2018-10-07 05:15 INFO     exec          move-series     Stdout: find: ‘/mnt/BISMARK/downloads/series/*’: No such file or directory
2018-10-07 05:15 INFO     exec          move-movies     Stdout: find: ‘/mnt/BISMARK/downloads/filmes/*’: No such file or directory
2018-10-07 05:15 INFO     subtitles     download-subtitles Name computed for /mnt/YAMATO/Series/The Man in the High Castle/The Man in the High Castle - S03E06 - History Ends - [720p webdl h264].mkv was The Man in the High Castle
2018-10-07 05:15 INFO     subtitles     download-subtitles Name computed for /mnt/YAMATO/Series/Speechless/Speechless - S03E01 - L-O-N-- LONDON (1) - [720p hdtv h264].mkv was Speechless
2018-10-07 05:15 INFO     subtitles     download-subtitles Name computed for /mnt/MOGAMI/Filmes/Mata Batin (2017) - [720p webdl h264 dd+5.1].mkv was Mata Batin
2018-10-07 05:15 INFO     subtitles     download-subtitles Name computed for /mnt/YAMATO/Series/The Man in the High Castle/The Man in the High Castle - S03E08 - Kasumi (Through the Mists) - [720p webdl h264].mkv was The Man in the High Castle
2018-10-07 05:15 INFO     subtitles     download-subtitles Name computed for /mnt/YAMATO/Series/The Man in the High Castle/The Man in the High Castle - S03E07 - Excess Animus - [720p webdl h264].mkv was The Man in the High Castle
2018-10-07 05:15 INFO     subtitles     download-subtitles Name computed for /mnt/YAMATO/Series/This Is Us/This Is Us - S03E02 - A Philadelphia Story - [720p hdtv h264].mkv was This Is
2018-10-07 05:15 INFO     subtitles     download-subtitles Name computed for /mnt/YAMATO/Series/The Man in the High Castle/The Man in the High Castle - S03E05 - The New Colossus - [720p webdl h264].mkv was The Man in the High Castle
2018-10-07 05:15 INFO     subtitles     download-subtitles Name computed for /mnt/YAMATO/Series/The Man in the High Castle/The Man in the High Castle - S03E04 - Sabra - [720p webdl h264].mkv was The Man in the High Castle
2018-10-07 05:15 INFO     subtitles     download-subtitles Name computed for /mnt/YAMATO/Series/Channel Zero/Channel Zero - S04E01 - Ashes On My Pillow - [720p webdl h264].mkv was Channel Zero
2018-10-07 05:15 INFO     subtitles     download-subtitles Name computed for /mnt/YAMATO/Series/The Man in the High Castle/The Man in the High Castle - S03E01 - Now More Than Ever, We Care About You - [720p webdl h264].mkv was The Man in the High Castle
2018-10-07 05:15 INFO     subtitles     download-subtitles Subtitles found for /mnt/YAMATO/Series/The Man in the High Castle/The Man in the High Castle - S03E01 - Now More Than Ever, We Care About You - [720p webdl h264].mkv
2018-10-07 05:15 INFO     subtitles     download-subtitles Name computed for /mnt/YAMATO/Series/The Man in the High Castle/The Man in the High Castle - S03E10 - Jahr Null - [720p webdl h264].mkv was The Man in the High Castle
2018-10-07 05:15 INFO     subtitles     download-subtitles Name computed for /mnt/YAMATO/Series/A Discovery of Witches/A Discovery of Witches - S01E04 - Episode 4 - [720p hdtv h264].mkv was A Discovery of Witches
2018-10-07 05:15 INFO     subtitles     download-subtitles Name computed for /mnt/YAMATO/Series/The Man in the High Castle/The Man in the High Castle - S03E03 - Sensô Kôi - [720p webdl h264].mkv was The Man in the High Castle
2018-10-07 05:15 INFO     subtitles     download-subtitles Name computed for /mnt/YAMATO/Series/The Man in the High Castle/The Man in the High Castle - S03E09 - Baku - [720p webdl h264].mkv was The Man in the High Castle
2018-10-07 05:15 INFO     subtitles     download-subtitles Name computed for /mnt/YAMATO/Series/Kidding/Kidding - S01E05 - The New You - [720p webdl h264].mkv was Kidding
2018-10-07 05:15 INFO     subtitles     download-subtitles Name computed for /mnt/YAMATO/Series/The Man in the High Castle/The Man in the High Castle - S03E02 - Imagine Manchuria - [720p webdl h264].mkv was The Man in the High Castle
2018-10-07 05:30 INFO     series        download-series-rss Timeframe expired, releasing quality restriction.
2018-10-07 05:30 INFO     download      download-series-rss Downloading: The Walking Dead S09E01 720p WEBRip x264-eSc
2018-10-07 05:30 WARNING  torrent_alive                 Socket Error: [Errno -2] Name or service not known
2018-10-07 05:30 WARNING  torrent_alive                 Socket Error: timed out
2018-10-07 05:30 WARNING  torrent_alive                 Socket Error: timed out
2018-10-07 05:30 WARNING  torrent_alive                 Socket Error: timed out
2018-10-07 05:30 INFO     transmission  download-series-rss "The Walking Dead S09E01 720p WEBRip x264-eSc" torrent added to transmission
2018-10-07 05:45 INFO     exec          move-movies     Stdout: find: ‘/mnt/BISMARK/downloads/filmes/*’: No such file or directory
2018-10-07 05:45 INFO     subtitles     download-subtitles Name computed for /mnt/YAMATO/Series/The Man in the High Castle/The Man in the High Castle - S03E06 - History Ends - [720p webdl h264].mkv was The Man in the High Castle
2018-10-07 05:45 INFO     subtitles     download-subtitles Name computed for /mnt/YAMATO/Series/Speechless/Speechless - S03E01 - L-O-N-- LONDON (1) - [720p hdtv h264].mkv was Speechless
2018-10-07 05:45 INFO     subtitles     download-subtitles Name computed for /mnt/MOGAMI/Filmes/Mata Batin (2017) - [720p webdl h264 dd+5.1].mkv was Mata Batin
2018-10-07 05:45 INFO     subtitles     download-subtitles Name computed for /mnt/YAMATO/Series/The Man in the High Castle/The Man in the High Castle - S03E08 - Kasumi (Through the Mists) - [720p webdl h264].mkv was The Man in the High Castle
2018-10-07 05:45 INFO     subtitles     download-subtitles Name computed for /mnt/YAMATO/Series/The Man in the High Castle/The Man in the High Castle - S03E07 - Excess Animus - [720p webdl h264].mkv was The Man in the High Castle
2018-10-07 05:45 INFO     subtitles     download-subtitles Name computed for /mnt/YAMATO/Series/This Is Us/This Is Us - S03E02 - A Philadelphia Story - [720p hdtv h264].mkv was This Is
2018-10-07 05:45 INFO     subtitles     download-subtitles Name computed for /mnt/YAMATO/Series/The Man in the High Castle/The Man in the High Castle - S03E05 - The New Colossus - [720p webdl h264].mkv was The Man in the High Castle
2018-10-07 05:45 INFO     subtitles     download-subtitles Name computed for /mnt/YAMATO/Series/The Man in the High Castle/The Man in the High Castle - S03E04 - Sabra - [720p webdl h264].mkv was The Man in the High Castle
2018-10-07 05:45 INFO     subtitles     download-subtitles Name computed for /mnt/YAMATO/Series/Channel Zero/Channel Zero - S04E01 - Ashes On My Pillow - [720p webdl h264].mkv was Channel Zero
2018-10-07 05:45 INFO     subtitles     download-subtitles Name computed for /mnt/YAMATO/Series/The Man in the High Castle/The Man in the High Castle - S03E01 - Now More Than Ever, We Care About You - [720p webdl h264].mkv was The Man in the High Castle
2018-10-07 05:45 INFO     subtitles     download-subtitles Subtitles found for /mnt/YAMATO/Series/The Man in the High Castle/The Man in the High Castle - S03E01 - Now More Than Ever, We Care About You - [720p webdl h264].mkv
2018-10-07 05:45 INFO     subtitles     download-subtitles Name computed for /mnt/YAMATO/Series/The Man in the High Castle/The Man in the High Castle - S03E10 - Jahr Null - [720p webdl h264].mkv was The Man in the High Castle
2018-10-07 05:45 INFO     subtitles     download-subtitles Name computed for /mnt/YAMATO/Series/A Discovery of Witches/A Discovery of Witches - S01E04 - Episode 4 - [720p hdtv h264].mkv was A Discovery of Witches
2018-10-07 05:45 INFO     subtitles     download-subtitles Name computed for /mnt/YAMATO/Series/The Man in the High Castle/The Man in the High Castle - S03E03 - Sensô Kôi - [720p webdl h264].mkv was The Man in the High Castle
2018-10-07 05:45 INFO     subtitles     download-subtitles Name computed for /mnt/YAMATO/Series/The Man in the High Castle/The Man in the High Castle - S03E09 - Baku - [720p webdl h264].mkv was The Man in the High Castle
2018-10-07 05:45 INFO     subtitles     download-subtitles Name computed for /mnt/YAMATO/Series/Kidding/Kidding - S01E05 - The New You - [720p webdl h264].mkv was Kidding
2018-10-07 05:45 INFO     subtitles     download-subtitles Name computed for /mnt/YAMATO/Series/The Man in the High Castle/The Man in the High Castle - S03E02 - Imagine Manchuria - [720p webdl h264].mkv was The Man in the High Castle
2018-10-07 06:00 INFO     api_tvdb      get-series-nextep Data for <TVDBEpisode series=The Flash (2014),season=5,episode=1> has expired, refreshing from tvdb
2018-10-07 06:00 ERROR    lazy_lookup   get-series-nextep Unhandled error in lazy lookup plugin: %d format: a number is required, not NoneType
2018-10-07 06:00 CRITICAL manager       get-series-nextep An unexpected crash has occurred. Writing crash report to /home/braga/flexget/crash_report.2018.10.07.060045105913.log. Please verify you are running the latest version of flexget by using "flexget -V" from CLI or by using version_checker plugin at http://flexget.com/wiki/Plugins/version_checker. You are currently using version 2.14.25
2018-10-07 06:01 INFO     api_tvdb      get-series-nextep Data for <TVDBEpisode series=Genius (2017),season=2,episode=2> has expired, refreshing from tvdb
2018-10-07 06:01 INFO     api_tvdb      get-series-nextep Data for <TVDBEpisode series=The Terror,season=2,episode=1> has expired, refreshing from tvdb
2018-10-07 06:01 ERROR    lazy_lookup   get-series-nextep Unhandled error in lazy lookup plugin: %d format: a number is required, not NoneType
Traceback (most recent call last):
  File "/home/braga/flexget/lib/python2.7/site-packages/flexget/utils/lazy_dict.py", line 37, in __getitem__
    func(self.store)
  File "/home/braga/flexget/lib/python2.7/site-packages/flexget/plugins/metainfo/thetvdb_lookup.py", line 159, in lazy_episode_lookup
    entry.update_using_map(self.episode_map, episode)
  File "/home/braga/flexget/lib/python2.7/site-packages/flexget/entry.py", line 276, in update_using_map
    v = value(source_item)
  File "/home/braga/flexget/lib/python2.7/site-packages/flexget/plugins/metainfo/thetvdb_lookup.py", line 99, in <lambda>
    'tvdb_ep_id': lambda ep: 'S%02dE%02d' % (ep.season_number, ep.episode_number)
TypeError: %d format: a number is required, not NoneType
