2018-10-12 16:03 ERROR    limetorrents  download-movies-1080p-discover Limetorrents request failed: HTTPSConnectionPool(host='www.limetorrents.info', port=443): Read timed out. (read timeout=30)
2018-10-12 16:03 ERROR    limetorrents  download-movies-1080p-discover Limetorrents request failed: Requests to this site (www.limetorrents.cc) have timed out recently. Waiting before trying again.
2018-10-12 16:03 ERROR    limetorrents  download-movies-1080p-discover Limetorrents request failed: Requests to this site (www.limetorrents.cc) have timed out recently. Waiting before trying again.
2018-10-12 16:03 ERROR    limetorrents  download-movies-1080p-discover Limetorrents request failed: Requests to this site (www.limetorrents.cc) have timed out recently. Waiting before trying again.
2018-10-12 16:03 ERROR    limetorrents  download-movies-1080p-discover Limetorrents request failed: Requests to this site (www.limetorrents.cc) have timed out recently. Waiting before trying again.
2018-10-12 16:03 ERROR    limetorrents  download-movies-1080p-discover Limetorrents request failed: Requests to this site (www.limetorrents.cc) have timed out recently. Waiting before trying again.
2018-10-12 16:03 ERROR    limetorrents  download-movies-1080p-discover Limetorrents request failed: Requests to this site (www.limetorrents.cc) have timed out recently. Waiting before trying again.
2018-10-12 16:04 ERROR    limetorrents  download-movies-720p-discover Limetorrents request failed: Requests to this site (www.limetorrents.cc) have timed out recently. Waiting before trying again.
2018-10-12 16:04 ERROR    limetorrents  download-movies-720p-discover Limetorrents request failed: Requests to this site (www.limetorrents.cc) have timed out recently. Waiting before trying again.
2018-10-12 16:04 ERROR    limetorrents  download-movies-720p-discover Limetorrents request failed: Requests to this site (www.limetorrents.cc) have timed out recently. Waiting before trying again.
2018-10-12 16:04 ERROR    limetorrents  download-movies-720p-discover Limetorrents request failed: Requests to this site (www.limetorrents.cc) have timed out recently. Waiting before trying again.
2018-10-12 16:04 ERROR    limetorrents  download-movies-720p-discover Limetorrents request failed: Requests to this site (www.limetorrents.cc) have timed out recently. Waiting before trying again.
2018-10-12 16:04 ERROR    limetorrents  download-movies-720p-discover Limetorrents request failed: Requests to this site (www.limetorrents.cc) have timed out recently. Waiting before trying again.
2018-10-12 16:04 ERROR    limetorrents  download-movies-720p-discover Limetorrents request failed: Requests to this site (www.limetorrents.cc) have timed out recently. Waiting before trying again.
2018-10-12 16:15 INFO     exec          move-series     Stdout: find: ‘/mnt/BISMARK/downloads/series/*’: No such file or directory
2018-10-12 16:15 INFO     exec          move-movies     Stdout: find: ‘/mnt/BISMARK/downloads/filmes/*’: No such file or directory
2018-10-12 16:15 INFO     subtitles     download-subtitles Name computed for /mnt/YAMATO/Series/This Is Us/This Is Us - S03E03 - Katie Girls - [720p webdl h264].mkv was This Is
2018-10-12 16:15 INFO     subtitles     download-subtitles Name computed for /mnt/YAMATO/Series/Supernatural/Supernatural - S14E01 - Stranger in a Strange Land - [720p hdtv h264].mkv was Supernatural
2018-10-12 16:15 INFO     subtitles     download-subtitles Name computed for /mnt/YAMATO/Series/How to Get Away with Murder/How to Get Away with Murder - S05E03 - The Baby Was Never Dead - [720p hdtv h264].mkv was How to Get Away with Murder
2018-10-12 16:15 INFO     subtitles     download-subtitles Name computed for /mnt/YAMATO/Series/The Big Bang Theory/The Big Bang Theory - S12E04 - The Tam Turbulence - [720p hdtv h264].mkv was The Big Bang Theory
2018-10-12 16:15 INFO     subtitles     download-subtitles Name computed for /mnt/YAMATO/Series/Young Sheldon/Young Sheldon - S02E04 - A Financial Secret and Fish Sauce - [720p hdtv h264].mkv was Young Sheldon
2018-10-12 16:30 WARNING  inputs        download-series-rss Error during input plugin rss: HTTP error 502 received from http://showrss.info/user/5325.rss?magnets=true&namespaces=true&name=null&quality=null&re=null
2018-10-12 16:45 INFO     exec          move-series     Stdout: find: ‘/mnt/BISMARK/downloads/series/*’: No such file or directory
2018-10-12 16:47 INFO     move          move-movies     `/mnt/BISMARK/downloads/filmes/The Darkest Minds (2018) [WEBRip] [1080p] [YTS.AM]/The.Darkest.Minds.2018.1080p.WEBRip.x264-[YTS.AM].mp4` has been moved to `/mnt/MOGAMI/Filmes/The Darkest Minds (2018) - [1080p webrip h264].mp4`
2018-10-12 16:47 INFO     move          move-movies     Path `/mnt/BISMARK/downloads/filmes/The Darkest Minds (2018) [WEBRip] [1080p] [YTS.AM]` has been deleted because was less than clean_source safe value.
2018-10-12 16:47 INFO     exec          move-movies     Stdout: find: ‘/mnt/BISMARK/downloads/filmes/*’: No such file or directory
2018-10-12 16:47 INFO     subtitles     download-subtitles Name computed for /mnt/YAMATO/Series/Supernatural/Supernatural - S14E01 - Stranger in a Strange Land - [720p hdtv h264].mkv was Supernatural
2018-10-12 16:47 INFO     subtitles     download-subtitles Name computed for /mnt/YAMATO/Series/How to Get Away with Murder/How to Get Away with Murder - S05E03 - The Baby Was Never Dead - [720p hdtv h264].mkv was How to Get Away with Murder
2018-10-12 16:47 INFO     subtitles     download-subtitles Name computed for /mnt/YAMATO/Series/This Is Us/This Is Us - S03E03 - Katie Girls - [720p webdl h264].mkv was This Is
2018-10-12 16:47 INFO     subtitles     download-subtitles Name computed for /mnt/MOGAMI/Filmes/The Darkest Minds (2018) - [1080p webrip h264].mp4 was The Darkest Minds
2018-10-12 16:47 CRITICAL task          download-subtitles BUG: Unhandled error in plugin subliminal: 'list' object has no attribute 'lower'
2018-10-12 16:47 CRITICAL manager       download-subtitles An unexpected crash has occurred. Writing crash report to /home/braga/flexget/crash_report.2018.10.12.164727935303.log. Please verify you are running the latest version of flexget by using "flexget -V" from CLI or by using version_checker plugin at http://flexget.com/wiki/Plugins/version_checker. You are currently using version 2.15.1
2018-10-12 16:47 WARNING  task          download-subtitles Aborting task (plugin: subliminal)
2018-10-12 17:00 WARNING  inputs        download-series-rss Error during input plugin rss: HTTP error 502 received from http://showrss.info/user/5325.rss?magnets=true&namespaces=true&name=null&quality=null&re=null
2018-10-12 17:15 INFO     exec          move-series     Stdout: find: ‘/mnt/BISMARK/downloads/series/*’: No such file or directory
2018-10-12 17:15 INFO     exec          move-movies     Stdout: find: ‘/mnt/BISMARK/downloads/filmes/*’: No such file or directory
2018-10-12 17:15 INFO     subtitles     download-subtitles Name computed for /mnt/YAMATO/Series/Supernatural/Supernatural - S14E01 - Stranger in a Strange Land - [720p hdtv h264].mkv was Supernatural
2018-10-12 17:15 INFO     subtitles     download-subtitles Name computed for /mnt/YAMATO/Series/How to Get Away with Murder/How to Get Away with Murder - S05E03 - The Baby Was Never Dead - [720p hdtv h264].mkv was How to Get Away with Murder
2018-10-12 17:15 INFO     subtitles     download-subtitles Name computed for /mnt/YAMATO/Series/This Is Us/This Is Us - S03E03 - Katie Girls - [720p webdl h264].mkv was This Is
2018-10-12 17:15 INFO     subtitles     download-subtitles Name computed for /mnt/MOGAMI/Filmes/The Darkest Minds (2018) - [1080p webrip h264].mp4 was The Darkest Minds
2018-10-12 17:15 CRITICAL task          download-subtitles BUG: Unhandled error in plugin subliminal: 'list' object has no attribute 'lower'
2018-10-12 17:15 CRITICAL manager       download-subtitles An unexpected crash has occurred. Writing crash report to /home/braga/flexget/crash_report.2018.10.12.171508902602.log. Please verify you are running the latest version of flexget by using "flexget -V" from CLI or by using version_checker plugin at http://flexget.com/wiki/Plugins/version_checker. You are currently using version 2.15.1
2018-10-12 17:15 WARNING  task          download-subtitles Aborting task (plugin: subliminal)
2018-10-12 17:45 INFO     exec          move-series     Stdout: find: ‘/mnt/BISMARK/downloads/series/*’: No such file or directory
2018-10-12 17:45 INFO     exec          move-movies     Stdout: find: ‘/mnt/BISMARK/downloads/filmes/*’: No such file or directory
2018-10-12 17:45 INFO     subtitles     download-subtitles Name computed for /mnt/YAMATO/Series/Supernatural/Supernatural - S14E01 - Stranger in a Strange Land - [720p hdtv h264].mkv was Supernatural
2018-10-12 17:45 INFO     subtitles     download-subtitles Name computed for /mnt/YAMATO/Series/How to Get Away with Murder/How to Get Away with Murder - S05E03 - The Baby Was Never Dead - [720p hdtv h264].mkv was How to Get Away with Murder
2018-10-12 17:45 INFO     subtitles     download-subtitles Name computed for /mnt/YAMATO/Series/This Is Us/This Is Us - S03E03 - Katie Girls - [720p webdl h264].mkv was This Is
2018-10-12 17:45 INFO     subtitles     download-subtitles Name computed for /mnt/MOGAMI/Filmes/The Darkest Minds (2018) - [1080p webrip h264].mp4 was The Darkest Minds
2018-10-12 17:45 CRITICAL task          download-subtitles BUG: Unhandled error in plugin subliminal: 'list' object has no attribute 'lower'
Traceback (most recent call last):
  File "/home/braga/flexget/lib/python2.7/site-packages/flexget/task.py", line 486, in __run_plugin
    return method(*args, **kwargs)
  File "/home/braga/flexget/lib/python2.7/site-packages/flexget/event.py", line 23, in __call__
    return self.func(*args, **kwargs)
  File "/home/braga/flexget/lib/python2.7/site-packages/flexget/plugins/output/subtitles_subliminal.py", line 197, in on_task_output
    hearing_impaired=hearing_impaired)
  File "/home/braga/flexget/lib/python2.7/site-packages/subliminal/core.py", line 211, in download_best_subtitles
    for s in subtitles], key=operator.itemgetter(1), reverse=True)
  File "/home/braga/flexget/lib/python2.7/site-packages/subliminal/score.py", line 106, in compute_score
    matches = subtitle.get_matches(video)
  File "/home/braga/flexget/lib/python2.7/site-packages/subliminal/providers/legendastv.py", line 150, in get_matches
    matches |= guess_matches(video, guessit(self.name, {'type': self.type}))
  File "/home/braga/flexget/lib/python2.7/site-packages/subliminal/subtitle.py", line 235, in guess_matches
    if video.format and 'format' in guess and guess['format'].lower() == video.format.lower():
AttributeError: 'list' object has no attribute 'lower'
