2018-10-10 16:23 INFO     set_series_begin set-series-nextep First episode for "House of Cards (US)" set to S05E12
2018-10-10 16:23 INFO     set_series_begin set-series-nextep First episode for "The Big Bang Theory" set to S11E07
2018-10-10 16:23 INFO     set_series_begin set-series-nextep First episode for "Frankie Drake Mysteries" set to S01E02
2018-10-10 16:23 INFO     set_series_begin set-series-nextep First episode for "Speechless" set to S02E14
2018-10-10 16:23 INFO     set_series_begin set-series-nextep First episode for "Golden Life" set to S02E01
2018-10-10 16:23 INFO     set_series_begin set-series-nextep First episode for "The Girlfriend Experience" set to S03E01
2018-10-10 16:23 INFO     set_series_begin set-series-nextep First episode for "Blindspot" set to S03E14
2018-10-10 16:30 INFO     series        download-series-rss `American Horror Story`: timeframe waiting for 00h:51min. Currently best is `American Horror Story S08E05 720p WEBRip x264-eSc`.
2018-10-10 16:45 INFO     exec          move-series     Stdout: find: ‘/mnt/BISMARK/downloads/series/*’: No such file or directory
2018-10-10 16:45 INFO     exec          move-movies     Stdout: find: ‘/mnt/BISMARK/downloads/filmes/*’: No such file or directory
2018-10-10 16:45 INFO     subtitles     download-subtitles Name computed for /mnt/YAMATO/Series/The Good Doctor/The Good Doctor - S02E03 - 36 Hours - [hdtv h264].mkv was The Good Doctor
2018-10-10 16:45 INFO     subtitles     download-subtitles Name computed for /mnt/YAMATO/Series/The Gifted/The Gifted - S02E03 - coMplications - [1080p hdtv h264].mkv was The Gifted
2018-10-10 16:45 INFO     subtitles     download-subtitles Name computed for /mnt/YAMATO/Series/Speechless/Speechless - S03E01 - L-O-N-- LONDON (1) - [720p hdtv h264].mkv was Speechless
2018-10-10 16:45 INFO     subtitles     download-subtitles Name computed for /mnt/YAMATO/Series/This Is Us/This Is Us - S03E03 - Katie Girls - [720p webdl h264].mkv was This Is
2018-10-10 16:45 INFO     subtitles     download-subtitles Name computed for /mnt/YAMATO/Series/Kidding/Kidding - S01E05 - The New You - [720p webdl h264].mkv was Kidding
2018-10-10 16:45 INFO     subtitles     download-subtitles Name computed for /mnt/YAMATO/Series/The Last Ship/The Last Ship - S05E05 - Warriors - [720p webrip h265].mkv was The Last Ship
2018-10-10 17:00 INFO     series        download-series-rss `American Horror Story`: timeframe waiting for 00h:21min. Currently best is `American Horror Story S08E05 720p WEBRip x265-MiNX`.
2018-10-10 17:15 INFO     exec          move-series     Stdout: find: ‘/mnt/BISMARK/downloads/series/*’: No such file or directory
2018-10-10 17:15 INFO     exec          move-movies     Stdout: find: ‘/mnt/BISMARK/downloads/filmes/*’: No such file or directory
2018-10-10 17:15 INFO     subtitles     download-subtitles Name computed for /mnt/YAMATO/Series/The Good Doctor/The Good Doctor - S02E03 - 36 Hours - [hdtv h264].mkv was The Good Doctor
2018-10-10 17:15 INFO     subtitles     download-subtitles Name computed for /mnt/YAMATO/Series/The Gifted/The Gifted - S02E03 - coMplications - [1080p hdtv h264].mkv was The Gifted
2018-10-10 17:15 INFO     subtitles     download-subtitles Name computed for /mnt/YAMATO/Series/Speechless/Speechless - S03E01 - L-O-N-- LONDON (1) - [720p hdtv h264].mkv was Speechless
2018-10-10 17:15 INFO     subtitles     download-subtitles Name computed for /mnt/YAMATO/Series/This Is Us/This Is Us - S03E03 - Katie Girls - [720p webdl h264].mkv was This Is
2018-10-10 17:15 INFO     subtitles     download-subtitles Name computed for /mnt/YAMATO/Series/Kidding/Kidding - S01E05 - The New You - [720p webdl h264].mkv was Kidding
2018-10-10 17:15 INFO     subtitles     download-subtitles Name computed for /mnt/YAMATO/Series/The Last Ship/The Last Ship - S05E05 - Warriors - [720p webrip h265].mkv was The Last Ship
2018-10-10 17:30 INFO     series        download-series-rss Timeframe expired, releasing quality restriction.
2018-10-10 17:30 INFO     download      download-series-rss Downloading: American Horror Story S08E05 720p WEBRip x265-MiNX
2018-10-10 17:30 INFO     remember_rej  download-series-rss Remembering rejection of `American Horror Story S08E05 720p WEBRip x265-MiNX`
2018-10-10 17:30 INFO     task          download-series-rss Plugin content_size has requested task to be ran again after execution has completed.
2018-10-10 17:30 INFO     task          download-series-rss Rerunning the task in case better resolution can be achieved.
2018-10-10 17:30 INFO     series        download-series-rss Timeframe expired, releasing quality restriction.
2018-10-10 17:30 INFO     download      download-series-rss Downloading: American Horror Story S08E05 720p WEBRip x264-eSc
2018-10-10 17:30 WARNING  torrent_alive                 Socket Error: [Errno -2] Name or service not known
2018-10-10 17:30 WARNING  torrent_alive                 Socket Error: timed out
2018-10-10 17:30 WARNING  torrent_alive                 Socket Error: timed out
2018-10-10 17:30 WARNING  torrent_alive                 Socket Error: timed out
2018-10-10 17:30 INFO     transmission  download-series-rss "American Horror Story S08E05 720p WEBRip x264-eSc" torrent added to transmission
2018-10-10 17:46 INFO     move          move-series     `/mnt/BISMARK/downloads/series/American Horror Story/American Horror Story - S08E05 - Boy Wonder - [720p webrip h264].mkv` has been moved to `/mnt/YAMATO/Series/American Horror Story/American Horror Story - S08E05 - Boy Wonder - [720p webrip h264].mkv`
2018-10-10 17:46 INFO     move          move-series     Path `/mnt/BISMARK/downloads/series/American Horror Story` has been deleted because was less than clean_source safe value.
2018-10-10 17:46 INFO     exec          move-series     Stdout: find: ‘/mnt/BISMARK/downloads/series/*’: No such file or directory
2018-10-10 17:46 INFO     exec          move-movies     Stdout: find: ‘/mnt/BISMARK/downloads/filmes/*’: No such file or directory
2018-10-10 17:46 INFO     subtitles     download-subtitles Name computed for /mnt/YAMATO/Series/The Good Doctor/The Good Doctor - S02E03 - 36 Hours - [hdtv h264].mkv was The Good Doctor
2018-10-10 17:46 INFO     subtitles     download-subtitles Name computed for /mnt/YAMATO/Series/The Gifted/The Gifted - S02E03 - coMplications - [1080p hdtv h264].mkv was The Gifted
2018-10-10 17:46 INFO     subtitles     download-subtitles Name computed for /mnt/YAMATO/Series/American Horror Story/American Horror Story - S08E05 - Boy Wonder - [720p webrip h264].mkv was American Horror Story
2018-10-10 17:46 INFO     subtitles     download-subtitles Name computed for /mnt/YAMATO/Series/Speechless/Speechless - S03E01 - L-O-N-- LONDON (1) - [720p hdtv h264].mkv was Speechless
2018-10-10 17:46 INFO     subtitles     download-subtitles Name computed for /mnt/YAMATO/Series/This Is Us/This Is Us - S03E03 - Katie Girls - [720p webdl h264].mkv was This Is
2018-10-10 17:46 INFO     subtitles     download-subtitles Name computed for /mnt/YAMATO/Series/Kidding/Kidding - S01E05 - The New You - [720p webdl h264].mkv was Kidding
2018-10-10 17:46 INFO     subtitles     download-subtitles Name computed for /mnt/YAMATO/Series/The Last Ship/The Last Ship - S05E05 - Warriors - [720p webrip h265].mkv was The Last Ship
2018-10-10 18:00 INFO     api_tvdb      get-series-nextep Data for <TVDBEpisode series=The Flash (2014),season=5,episode=1> has expired, refreshing from tvdb
2018-10-10 18:00 ERROR    lazy_lookup   get-series-nextep Unhandled error in lazy lookup plugin: %d format: a number is required, not NoneType
Traceback (most recent call last):
  File "/home/braga/flexget/lib/python2.7/site-packages/flexget/utils/lazy_dict.py", line 37, in __getitem__
    func(self.store)
  File "/home/braga/flexget/lib/python2.7/site-packages/flexget/plugins/metainfo/thetvdb_lookup.py", line 159, in lazy_episode_lookup
    entry.update_using_map(self.episode_map, episode)
  File "/home/braga/flexget/lib/python2.7/site-packages/flexget/entry.py", line 276, in update_using_map
    v = value(source_item)
  File "/home/braga/flexget/lib/python2.7/site-packages/flexget/plugins/metainfo/thetvdb_lookup.py", line 99, in <lambda>
    'tvdb_ep_id': lambda ep: 'S%02dE%02d' % (ep.season_number, ep.episode_number)
TypeError: %d format: a number is required, not NoneType
