2018-10-08 09:25 DEBUG    manager                       Figuring out config load paths
2018-10-08 09:25 DEBUG    manager                       Adding virtualenv path
2018-10-08 09:25 DEBUG    manager                       Found config: /home/braga/flexget/config.yml
2018-10-08 09:25 DEBUG    manager                       Config file /home/braga/flexget/config.yml selected
2018-10-08 09:25 WARNING  manager                       Your locale declares ascii as the filesystem encoding. Any plugins reading filenames from disk will not work properly for filenames containing non-ascii characters. Make sure your locale env variables are set up correctly for the environment which is launching FlexGet.
2018-10-08 09:25 INFO     manager                       Daemonizing...
2018-10-08 09:25 INFO     manager                       Daemonize complete. New PID: 6172
2018-10-08 09:25 INFO     scheduler                     Starting scheduler
2018-10-08 09:25 INFO     web_server_daemon                 Running web server at IP 0.0.0.0:3539
2018-10-08 09:25 INFO     web_server_daemon                 Initiating API
2018-10-08 09:25 INFO     web_server_daemon                 Registering WebUI v1
2018-10-08 09:25 INFO     web_server                    Web interface available at http://192.168.1.8:3539
2018-10-08 09:25 INFO     exec          move-series     Stdout: find: '/mnt/BISMARK/downloads/series/*': No such file or directory
2018-10-08 09:25 INFO     exec          move-movies     Stdout: find: '/mnt/BISMARK/downloads/filmes/*': No such file or directory
2018-10-08 09:25 CRITICAL task          download-subtitles BUG: Unhandled error in plugin subtitle_list: 'ascii' codec can't decode byte 0xc3 in position 42: ordinal not in range(128)
2018-10-08 09:25 CRITICAL manager       download-subtitles An unexpected crash has occurred. Writing crash report to /home/braga/flexget/crash_report.2018.10.08.092553029731.log. Please verify you are running the latest version of flexget by using "flexget -V" from CLI or by using version_checker plugin at http://flexget.com/wiki/Plugins/version_checker. You are currently using version 2.14.25
2018-10-08 09:25 WARNING  task          download-subtitles Aborting task (plugin: subtitle_list)
2018-10-08 09:26 INFO     parser_internal download-series-rss Title `ables 2018 720p AMZN WEB-DL DDP2 0 x264-ABM` looks like series `Ables 2018 720p Amzn Web-dl Ddp2` but cannot find a(n) `ep` style identifier.
2018-10-08 09:45 INFO     exec          move-series     Stdout: find: '/mnt/BISMARK/downloads/series/*': No such file or directory
2018-10-08 09:45 INFO     exec          move-movies     Stdout: find: '/mnt/BISMARK/downloads/filmes/*': No such file or directory
2018-10-08 09:45 CRITICAL task          download-subtitles BUG: Unhandled error in plugin subtitle_list: 'ascii' codec can't decode byte 0xc3 in position 42: ordinal not in range(128)
2018-10-08 09:45 CRITICAL manager       download-subtitles An unexpected crash has occurred. Writing crash report to /home/braga/flexget/crash_report.2018.10.08.094500792440.log. Please verify you are running the latest version of flexget by using "flexget -V" from CLI or by using version_checker plugin at http://flexget.com/wiki/Plugins/version_checker. You are currently using version 2.14.25
2018-10-08 09:45 WARNING  task          download-subtitles Aborting task (plugin: subtitle_list)
2018-10-08 10:00 WARNING  inputs        download-series-rss Error during input plugin rss: HTTP error 521 received from https://eztv.ag/ezrss.xml
2018-10-08 10:00 INFO     api_tvdb      get-series-nextep Data for <TVDBEpisode series=The Flash (2014),season=5,episode=1> has expired, refreshing from tvdb
2018-10-08 10:00 ERROR    lazy_lookup   get-series-nextep Unhandled error in lazy lookup plugin: %d format: a number is required, not NoneType
2018-10-08 10:00 CRITICAL manager       get-series-nextep An unexpected crash has occurred. Writing crash report to /home/braga/flexget/crash_report.2018.10.08.100037389891.log. Please verify you are running the latest version of flexget by using "flexget -V" from CLI or by using version_checker plugin at http://flexget.com/wiki/Plugins/version_checker. You are currently using version 2.14.25
2018-10-08 10:01 INFO     api_tvdb      get-series-nextep Data for <TVDBEpisode series=The Terror,season=2,episode=1> has expired, refreshing from tvdb
2018-10-08 10:01 ERROR    lazy_lookup   get-series-nextep Unhandled error in lazy lookup plugin: %d format: a number is required, not NoneType
Traceback (most recent call last):
  File "/home/braga/flexget/lib/python2.7/site-packages/flexget/utils/lazy_dict.py", line 37, in __getitem__
    func(self.store)
  File "/home/braga/flexget/lib/python2.7/site-packages/flexget/plugins/metainfo/thetvdb_lookup.py", line 159, in lazy_episode_lookup
    entry.update_using_map(self.episode_map, episode)
  File "/home/braga/flexget/lib/python2.7/site-packages/flexget/entry.py", line 276, in update_using_map
    v = value(source_item)
  File "/home/braga/flexget/lib/python2.7/site-packages/flexget/plugins/metainfo/thetvdb_lookup.py", line 99, in <lambda>
    'tvdb_ep_id': lambda ep: 'S%02dE%02d' % (ep.season_number, ep.episode_number)
TypeError: %d format: a number is required, not NoneType
