2018-10-09 08:02 INFO     set_series_begin set-series-nextep First episode for "House of Cards (US)" set to S05E12
2018-10-09 08:02 INFO     set_series_begin set-series-nextep First episode for "Frankie Drake Mysteries" set to S01E02
2018-10-09 08:02 INFO     set_series_begin set-series-nextep First episode for "Speechless" set to S02E14
2018-10-09 08:02 INFO     set_series_begin set-series-nextep First episode for "Golden Life" set to S02E01
2018-10-09 08:02 INFO     set_series_begin set-series-nextep First episode for "The Girlfriend Experience" set to S03E01
2018-10-09 08:02 INFO     set_series_begin set-series-nextep First episode for "Blindspot" set to S03E14
2018-10-09 08:04 ERROR    discover      download-movies-720p-discover Error searching with piratebay: RequestException: 500 Server Error: Internal Server Error for url: https://tpbbay.eu/search/The%20Lure%20%282015%29/0/7/207
2018-10-09 08:15 INFO     exec          move-series     Stdout: find: ‘/mnt/BISMARK/downloads/series/*’: No such file or directory
2018-10-09 08:15 INFO     exec          move-movies     Stdout: find: ‘/mnt/BISMARK/downloads/filmes/*’: No such file or directory
2018-10-09 08:15 INFO     subtitles     download-subtitles Name computed for /mnt/YAMATO/Series/The Good Doctor/The Good Doctor - S02E03 - 36 Hours - [hdtv h264].mkv was The Good Doctor
2018-10-09 08:15 INFO     subtitles     download-subtitles Name computed for /mnt/YAMATO/Series/Speechless/Speechless - S03E01 - L-O-N-- LONDON (1) - [720p hdtv h264].mkv was Speechless
2018-10-09 08:15 INFO     subtitles     download-subtitles Name computed for /mnt/YAMATO/Series/9-1-1/9-1-1 - S02E04 - Stuck - [720p hdtv h264].mkv was 9-1-1
2018-10-09 08:15 INFO     subtitles     download-subtitles Name computed for /mnt/YAMATO/Series/Channel Zero/Channel Zero - S04E01 - Ashes On My Pillow - [720p webdl h264].mkv was Channel Zero
2018-10-09 08:15 INFO     subtitles     download-subtitles Name computed for /mnt/YAMATO/Series/Kidding/Kidding - S01E05 - The New You - [720p webdl h264].mkv was Kidding
2018-10-09 08:15 INFO     subtitles     download-subtitles Name computed for /mnt/YAMATO/Series/This Is Us/This Is Us - S03E02 - A Philadelphia Story - [720p hdtv h264].mkv was This Is
2018-10-09 08:15 INFO     subtitles     download-subtitles Name computed for /mnt/YAMATO/Series/The Last Ship/The Last Ship - S05E05 - Warriors - [720p webrip h265].mkv was The Last Ship
2018-10-09 08:45 INFO     exec          move-series     Stdout: find: ‘/mnt/BISMARK/downloads/series/*’: No such file or directory
2018-10-09 08:45 INFO     exec          move-movies     Stdout: find: ‘/mnt/BISMARK/downloads/filmes/*’: No such file or directory
2018-10-09 08:45 INFO     subtitles     download-subtitles Name computed for /mnt/YAMATO/Series/The Good Doctor/The Good Doctor - S02E03 - 36 Hours - [hdtv h264].mkv was The Good Doctor
2018-10-09 08:45 INFO     subtitles     download-subtitles Name computed for /mnt/YAMATO/Series/Speechless/Speechless - S03E01 - L-O-N-- LONDON (1) - [720p hdtv h264].mkv was Speechless
2018-10-09 08:45 INFO     subtitles     download-subtitles Name computed for /mnt/YAMATO/Series/9-1-1/9-1-1 - S02E04 - Stuck - [720p hdtv h264].mkv was 9-1-1
2018-10-09 08:45 INFO     subtitles     download-subtitles Name computed for /mnt/YAMATO/Series/Channel Zero/Channel Zero - S04E01 - Ashes On My Pillow - [720p webdl h264].mkv was Channel Zero
2018-10-09 08:45 INFO     subtitles     download-subtitles Name computed for /mnt/YAMATO/Series/Kidding/Kidding - S01E05 - The New You - [720p webdl h264].mkv was Kidding
2018-10-09 08:45 INFO     subtitles     download-subtitles Name computed for /mnt/YAMATO/Series/This Is Us/This Is Us - S03E02 - A Philadelphia Story - [720p hdtv h264].mkv was This Is
2018-10-09 08:45 INFO     subtitles     download-subtitles Name computed for /mnt/YAMATO/Series/The Last Ship/The Last Ship - S05E05 - Warriors - [720p webrip h265].mkv was The Last Ship
2018-10-09 09:00 WARNING  inputs        download-series-rss Error during input plugin rss: HTTP error 521 received from http://showrss.info/user/5325.rss?magnets=true&namespaces=true&name=null&quality=null&re=null
2018-10-09 09:15 INFO     exec          move-series     Stdout: find: ‘/mnt/BISMARK/downloads/series/*’: No such file or directory
2018-10-09 09:15 INFO     exec          move-movies     Stdout: find: ‘/mnt/BISMARK/downloads/filmes/*’: No such file or directory
2018-10-09 09:15 INFO     subtitles     download-subtitles Name computed for /mnt/YAMATO/Series/The Good Doctor/The Good Doctor - S02E03 - 36 Hours - [hdtv h264].mkv was The Good Doctor
2018-10-09 09:15 INFO     subtitles     download-subtitles Name computed for /mnt/YAMATO/Series/Speechless/Speechless - S03E01 - L-O-N-- LONDON (1) - [720p hdtv h264].mkv was Speechless
2018-10-09 09:15 INFO     subtitles     download-subtitles Name computed for /mnt/YAMATO/Series/9-1-1/9-1-1 - S02E04 - Stuck - [720p hdtv h264].mkv was 9-1-1
2018-10-09 09:15 INFO     subtitles     download-subtitles Name computed for /mnt/YAMATO/Series/Channel Zero/Channel Zero - S04E01 - Ashes On My Pillow - [720p webdl h264].mkv was Channel Zero
2018-10-09 09:15 INFO     subtitles     download-subtitles Name computed for /mnt/YAMATO/Series/Kidding/Kidding - S01E05 - The New You - [720p webdl h264].mkv was Kidding
2018-10-09 09:15 INFO     subtitles     download-subtitles Name computed for /mnt/YAMATO/Series/This Is Us/This Is Us - S03E02 - A Philadelphia Story - [720p hdtv h264].mkv was This Is
2018-10-09 09:15 INFO     subtitles     download-subtitles Name computed for /mnt/YAMATO/Series/The Last Ship/The Last Ship - S05E05 - Warriors - [720p webrip h265].mkv was The Last Ship
2018-10-09 09:45 INFO     exec          move-series     Stdout: find: ‘/mnt/BISMARK/downloads/series/*’: No such file or directory
2018-10-09 09:45 INFO     exec          move-movies     Stdout: find: ‘/mnt/BISMARK/downloads/filmes/*’: No such file or directory
2018-10-09 09:45 INFO     subtitles     download-subtitles Name computed for /mnt/YAMATO/Series/The Good Doctor/The Good Doctor - S02E03 - 36 Hours - [hdtv h264].mkv was The Good Doctor
2018-10-09 09:45 INFO     subtitles     download-subtitles Name computed for /mnt/YAMATO/Series/Speechless/Speechless - S03E01 - L-O-N-- LONDON (1) - [720p hdtv h264].mkv was Speechless
2018-10-09 09:45 INFO     subtitles     download-subtitles Name computed for /mnt/YAMATO/Series/9-1-1/9-1-1 - S02E04 - Stuck - [720p hdtv h264].mkv was 9-1-1
2018-10-09 09:45 INFO     subtitles     download-subtitles Name computed for /mnt/YAMATO/Series/Channel Zero/Channel Zero - S04E01 - Ashes On My Pillow - [720p webdl h264].mkv was Channel Zero
2018-10-09 09:45 INFO     subtitles     download-subtitles Name computed for /mnt/YAMATO/Series/Kidding/Kidding - S01E05 - The New You - [720p webdl h264].mkv was Kidding
2018-10-09 09:45 INFO     subtitles     download-subtitles Name computed for /mnt/YAMATO/Series/This Is Us/This Is Us - S03E02 - A Philadelphia Story - [720p hdtv h264].mkv was This Is
2018-10-09 09:45 INFO     subtitles     download-subtitles Name computed for /mnt/YAMATO/Series/The Last Ship/The Last Ship - S05E05 - Warriors - [720p webrip h265].mkv was The Last Ship
2018-10-09 10:00 WARNING  inputs        download-series-rss Error during input plugin rss: HTTP error 502 received from http://showrss.info/user/5325.rss?magnets=true&namespaces=true&name=null&quality=null&re=null
2018-10-09 10:00 INFO     api_tvdb      get-series-nextep Data for <TVDBEpisode series=The Flash (2014),season=5,episode=1> has expired, refreshing from tvdb
2018-10-09 10:00 ERROR    lazy_lookup   get-series-nextep Unhandled error in lazy lookup plugin: %d format: a number is required, not NoneType
2018-10-09 10:00 CRITICAL manager       get-series-nextep An unexpected crash has occurred. Writing crash report to /home/braga/flexget/crash_report.2018.10.09.100042831781.log. Please verify you are running the latest version of flexget by using "flexget -V" from CLI or by using version_checker plugin at http://flexget.com/wiki/Plugins/version_checker. You are currently using version 2.15.1
2018-10-09 10:01 INFO     api_tvdb      get-series-nextep Data for <TVDBEpisode series=The Terror,season=2,episode=1> has expired, refreshing from tvdb
2018-10-09 10:01 ERROR    lazy_lookup   get-series-nextep Unhandled error in lazy lookup plugin: %d format: a number is required, not NoneType
Traceback (most recent call last):
  File "/home/braga/flexget/lib/python2.7/site-packages/flexget/utils/lazy_dict.py", line 37, in __getitem__
    func(self.store)
  File "/home/braga/flexget/lib/python2.7/site-packages/flexget/plugins/metainfo/thetvdb_lookup.py", line 159, in lazy_episode_lookup
    entry.update_using_map(self.episode_map, episode)
  File "/home/braga/flexget/lib/python2.7/site-packages/flexget/entry.py", line 276, in update_using_map
    v = value(source_item)
  File "/home/braga/flexget/lib/python2.7/site-packages/flexget/plugins/metainfo/thetvdb_lookup.py", line 99, in <lambda>
    'tvdb_ep_id': lambda ep: 'S%02dE%02d' % (ep.season_number, ep.episode_number)
TypeError: %d format: a number is required, not NoneType
