2018-10-12 20:03 INFO     set_series_begin set-series-nextep First episode for "Into The Dark 2018" set to S02E01
2018-10-12 20:03 INFO     set_series_begin set-series-nextep First episode for "Frankie Drake Mysteries" set to S01E02
2018-10-12 20:03 INFO     set_series_begin set-series-nextep First episode for "Speechless" set to S02E14
2018-10-12 20:03 INFO     set_series_begin set-series-nextep First episode for "Golden Life" set to S02E01
2018-10-12 20:03 INFO     set_series_begin set-series-nextep First episode for "The Girlfriend Experience" set to S03E01
2018-10-12 20:03 INFO     set_series_begin set-series-nextep First episode for "Blindspot" set to S03E14
2018-10-12 20:15 INFO     api_tvdb      move-series     Data for <TVDBEpisode series=A Discovery of Witches,season=1,episode=5> has expired, refreshing from tvdb
2018-10-12 20:16 INFO     move          move-series     `/mnt/BISMARK/downloads/series/A Discovery of Witches/www.scenetime.com - A.Discovery.Of.Witches.S01E05.INTERNAL.1080p.HDTV.x264-FaiLED/A Discovery of Witches - S01E05 - Episode 5 - [1080p hdtv h264].mkv` has been moved to `/mnt/YAMATO/Series/A Discovery of Witches/A Discovery of Witches - S01E05 - Episode 5 - [1080p hdtv h264].mkv`
2018-10-12 20:16 INFO     move          move-series     Path `/mnt/BISMARK/downloads/series/A Discovery of Witches/www.scenetime.com - A.Discovery.Of.Witches.S01E05.INTERNAL.1080p.HDTV.x264-FaiLED` has been deleted because was less than clean_source safe value.
2018-10-12 20:16 INFO     exec          move-movies     Stdout: find: ‘/mnt/BISMARK/downloads/filmes/*’: No such file or directory
2018-10-12 20:16 INFO     subtitles     download-subtitles Name computed for /mnt/YAMATO/Series/Supernatural/Supernatural - S14E01 - Stranger in a Strange Land - [720p hdtv h264].mkv was Supernatural
2018-10-12 20:16 INFO     subtitles     download-subtitles Name computed for /mnt/YAMATO/Series/How to Get Away with Murder/How to Get Away with Murder - S05E03 - The Baby Was Never Dead - [720p hdtv h264].mkv was How to Get Away with Murder
2018-10-12 20:16 INFO     subtitles     download-subtitles Name computed for /mnt/YAMATO/Series/This Is Us/This Is Us - S03E03 - Katie Girls - [720p webdl h264].mkv was This Is
2018-10-12 20:16 INFO     subtitles     download-subtitles Name computed for /mnt/MOGAMI/Filmes/The Darkest Minds (2018) - [1080p webrip h264].mp4 was The Darkest Minds
2018-10-12 20:16 CRITICAL task          download-subtitles BUG: Unhandled error in plugin subliminal: 'list' object has no attribute 'lower'
2018-10-12 20:16 CRITICAL manager       download-subtitles An unexpected crash has occurred. Writing crash report to /home/braga/flexget/crash_report.2018.10.12.201649921029.log. Please verify you are running the latest version of flexget by using "flexget -V" from CLI or by using version_checker plugin at http://flexget.com/wiki/Plugins/version_checker. You are currently using version 2.15.1
2018-10-12 20:16 WARNING  task          download-subtitles Aborting task (plugin: subliminal)
2018-10-12 20:30 WARNING  inputs        download-series-rss Error during input plugin rss: HTTP error 502 received from http://showrss.info/user/5325.rss?magnets=true&namespaces=true&name=null&quality=null&re=null
2018-10-12 20:45 INFO     exec          move-series     Stdout: find: ‘/mnt/BISMARK/downloads/series/*’: No such file or directory
2018-10-12 20:45 INFO     exec          move-movies     Stdout: find: ‘/mnt/BISMARK/downloads/filmes/*’: No such file or directory
2018-10-12 20:45 INFO     subtitles     download-subtitles Name computed for /mnt/YAMATO/Series/Supernatural/Supernatural - S14E01 - Stranger in a Strange Land - [720p hdtv h264].mkv was Supernatural
2018-10-12 20:45 INFO     subtitles     download-subtitles Name computed for /mnt/YAMATO/Series/How to Get Away with Murder/How to Get Away with Murder - S05E03 - The Baby Was Never Dead - [720p hdtv h264].mkv was How to Get Away with Murder
2018-10-12 20:45 INFO     subtitles     download-subtitles Name computed for /mnt/YAMATO/Series/This Is Us/This Is Us - S03E03 - Katie Girls - [720p webdl h264].mkv was This Is
2018-10-12 20:45 INFO     subtitles     download-subtitles Name computed for /mnt/MOGAMI/Filmes/The Darkest Minds (2018) - [1080p webrip h264].mp4 was The Darkest Minds
2018-10-12 20:45 CRITICAL task          download-subtitles BUG: Unhandled error in plugin subliminal: 'list' object has no attribute 'lower'
2018-10-12 20:45 CRITICAL manager       download-subtitles An unexpected crash has occurred. Writing crash report to /home/braga/flexget/crash_report.2018.10.12.204509536086.log. Please verify you are running the latest version of flexget by using "flexget -V" from CLI or by using version_checker plugin at http://flexget.com/wiki/Plugins/version_checker. You are currently using version 2.15.1
2018-10-12 20:45 WARNING  task          download-subtitles Aborting task (plugin: subliminal)
2018-10-12 21:15 INFO     exec          move-series     Stdout: find: ‘/mnt/BISMARK/downloads/series/*’: No such file or directory
2018-10-12 21:15 INFO     exec          move-movies     Stdout: find: ‘/mnt/BISMARK/downloads/filmes/*’: No such file or directory
2018-10-12 21:15 INFO     subtitles     download-subtitles Name computed for /mnt/YAMATO/Series/Supernatural/Supernatural - S14E01 - Stranger in a Strange Land - [720p hdtv h264].mkv was Supernatural
2018-10-12 21:15 INFO     subtitles     download-subtitles Name computed for /mnt/YAMATO/Series/How to Get Away with Murder/How to Get Away with Murder - S05E03 - The Baby Was Never Dead - [720p hdtv h264].mkv was How to Get Away with Murder
2018-10-12 21:15 INFO     subtitles     download-subtitles Name computed for /mnt/YAMATO/Series/This Is Us/This Is Us - S03E03 - Katie Girls - [720p webdl h264].mkv was This Is
2018-10-12 21:15 INFO     subtitles     download-subtitles Name computed for /mnt/MOGAMI/Filmes/The Darkest Minds (2018) - [1080p webrip h264].mp4 was The Darkest Minds
2018-10-12 21:15 CRITICAL task          download-subtitles BUG: Unhandled error in plugin subliminal: 'list' object has no attribute 'lower'
2018-10-12 21:15 CRITICAL manager       download-subtitles An unexpected crash has occurred. Writing crash report to /home/braga/flexget/crash_report.2018.10.12.211509314930.log. Please verify you are running the latest version of flexget by using "flexget -V" from CLI or by using version_checker plugin at http://flexget.com/wiki/Plugins/version_checker. You are currently using version 2.15.1
2018-10-12 21:15 WARNING  task          download-subtitles Aborting task (plugin: subliminal)
2018-10-12 21:45 INFO     exec          move-series     Stdout: find: ‘/mnt/BISMARK/downloads/series/*’: No such file or directory
2018-10-12 21:45 INFO     exec          move-movies     Stdout: find: ‘/mnt/BISMARK/downloads/filmes/*’: No such file or directory
2018-10-12 21:45 INFO     subtitles     download-subtitles Name computed for /mnt/YAMATO/Series/Supernatural/Supernatural - S14E01 - Stranger in a Strange Land - [720p hdtv h264].mkv was Supernatural
2018-10-12 21:45 INFO     subtitles     download-subtitles Name computed for /mnt/YAMATO/Series/How to Get Away with Murder/How to Get Away with Murder - S05E03 - The Baby Was Never Dead - [720p hdtv h264].mkv was How to Get Away with Murder
2018-10-12 21:45 INFO     subtitles     download-subtitles Name computed for /mnt/YAMATO/Series/This Is Us/This Is Us - S03E03 - Katie Girls - [720p webdl h264].mkv was This Is
2018-10-12 21:45 INFO     subtitles     download-subtitles Name computed for /mnt/MOGAMI/Filmes/The Darkest Minds (2018) - [1080p webrip h264].mp4 was The Darkest Minds
2018-10-12 21:45 CRITICAL task          download-subtitles BUG: Unhandled error in plugin subliminal: 'list' object has no attribute 'lower'
2018-10-12 21:45 CRITICAL manager       download-subtitles An unexpected crash has occurred. Writing crash report to /home/braga/flexget/crash_report.2018.10.12.214510183187.log. Please verify you are running the latest version of flexget by using "flexget -V" from CLI or by using version_checker plugin at http://flexget.com/wiki/Plugins/version_checker. You are currently using version 2.15.1
2018-10-12 21:45 WARNING  task          download-subtitles Aborting task (plugin: subliminal)
2018-10-12 22:00 INFO     api_tvdb      get-series-nextep Data for <TVDBEpisode series=The Flash (2014),season=5,episode=1> has expired, refreshing from tvdb
2018-10-12 22:00 ERROR    lazy_lookup   get-series-nextep Unhandled error in lazy lookup plugin: %d format: a number is required, not NoneType
2018-10-12 22:00 CRITICAL manager       get-series-nextep An unexpected crash has occurred. Writing crash report to /home/braga/flexget/crash_report.2018.10.12.220056337602.log. Please verify you are running the latest version of flexget by using "flexget -V" from CLI or by using version_checker plugin at http://flexget.com/wiki/Plugins/version_checker. You are currently using version 2.15.1
2018-10-12 22:01 INFO     api_tvdb      get-series-nextep Data for <TVDBEpisode series=The Terror,season=2,episode=1> has expired, refreshing from tvdb
2018-10-12 22:01 ERROR    lazy_lookup   get-series-nextep Unhandled error in lazy lookup plugin: %d format: a number is required, not NoneType
Traceback (most recent call last):
  File "/home/braga/flexget/lib/python2.7/site-packages/flexget/utils/lazy_dict.py", line 37, in __getitem__
    func(self.store)
  File "/home/braga/flexget/lib/python2.7/site-packages/flexget/plugins/metainfo/thetvdb_lookup.py", line 159, in lazy_episode_lookup
    entry.update_using_map(self.episode_map, episode)
  File "/home/braga/flexget/lib/python2.7/site-packages/flexget/entry.py", line 276, in update_using_map
    v = value(source_item)
  File "/home/braga/flexget/lib/python2.7/site-packages/flexget/plugins/metainfo/thetvdb_lookup.py", line 99, in <lambda>
    'tvdb_ep_id': lambda ep: 'S%02dE%02d' % (ep.season_number, ep.episode_number)
TypeError: %d format: a number is required, not NoneType
