2018-10-11 00:05 INFO     set_series_begin set-series-nextep First episode for "The Handmaids Tale" set to S03E01
2018-10-11 00:05 INFO     set_series_begin set-series-nextep First episode for "Killjoys 2015" set to S02E01
2018-10-11 00:05 INFO     set_series_begin set-series-nextep First episode for "The Expanse" set to S03E13
2018-10-11 00:05 INFO     set_series_begin set-series-nextep First episode for "9-1-1" set to S01E05
2018-10-11 00:05 INFO     set_series_begin set-series-nextep First episode for "The Flash (2014)" set to S05E01
2018-10-11 00:05 INFO     set_series_begin set-series-nextep First episode for "Young Sheldon" set to S01E10
2018-10-11 00:05 INFO     set_series_begin set-series-nextep First episode for "House of Cards (US)" set to S05E12
2018-10-11 00:05 INFO     set_series_begin set-series-nextep First episode for "The Big Bang Theory" set to S11E07
2018-10-11 00:05 INFO     set_series_begin set-series-nextep First episode for "Frankie Drake Mysteries" set to S01E02
2018-10-11 00:05 INFO     set_series_begin set-series-nextep First episode for "Speechless" set to S02E14
2018-10-11 00:05 INFO     set_series_begin set-series-nextep First episode for "Golden Life" set to S02E01
2018-10-11 00:05 INFO     set_series_begin set-series-nextep First episode for "The Girlfriend Experience" set to S03E01
2018-10-11 00:05 INFO     set_series_begin set-series-nextep First episode for "Blindspot" set to S03E14
2018-10-11 00:05 ERROR    discover      download-movies-1080p-discover Error searching with piratebay: RequestException: 500 Server Error: Internal Server Error for url: https://tpbbay.eu/search/Justice%20League%202/0/7/207
2018-10-11 00:06 ERROR    discover      download-movies-720p-discover Error searching with piratebay: RequestException: 500 Server Error: Internal Server Error for url: https://tpbbay.eu/search/Justice%20League%202/0/7/207
2018-10-11 00:15 INFO     exec          move-series     Stdout: find: ‘/mnt/BISMARK/downloads/series/*’: No such file or directory
2018-10-11 00:15 INFO     exec          move-movies     Stdout: find: ‘/mnt/BISMARK/downloads/filmes/*’: No such file or directory
2018-10-11 00:15 INFO     subtitles     download-subtitles Name computed for /mnt/YAMATO/Series/This Is Us/This Is Us - S03E03 - Katie Girls - [720p webdl h264].mkv was This Is
2018-10-11 00:15 INFO     subtitles     download-subtitles Name computed for /mnt/YAMATO/Series/The Gifted/The Gifted - S02E03 - coMplications - [1080p hdtv h264].mkv was The Gifted
2018-10-11 00:15 INFO     subtitles     download-subtitles Name computed for /mnt/YAMATO/Series/Speechless/Speechless - S03E01 - L-O-N-- LONDON (1) - [720p hdtv h264].mkv was Speechless
2018-10-11 00:15 INFO     subtitles     download-subtitles Name computed for /mnt/YAMATO/Series/The Last Ship/The Last Ship - S05E05 - Warriors - [720p webrip h265].mkv was The Last Ship
2018-10-11 00:15 INFO     subtitles     download-subtitles Name computed for /mnt/YAMATO/Series/American Horror Story/American Horror Story - S08E05 - Boy Wonder - [720p webrip h264].mkv was American Horror Story
2018-10-11 00:30 INFO     remember_rej  download-series-rss Remembering rejection of `The Flash 2014 S05E01 HDTV x264 SVA`
2018-10-11 00:30 INFO     task          download-series-rss Plugin content_size has requested task to be ran again after execution has completed.
2018-10-11 00:30 INFO     task          download-series-rss Rerunning the task in case better resolution can be achieved.
2018-10-11 00:45 INFO     exec          move-series     Stdout: find: ‘/mnt/BISMARK/downloads/series/*’: No such file or directory
2018-10-11 00:45 INFO     exec          move-movies     Stdout: find: ‘/mnt/BISMARK/downloads/filmes/*’: No such file or directory
2018-10-11 00:45 INFO     subtitles     download-subtitles Name computed for /mnt/YAMATO/Series/This Is Us/This Is Us - S03E03 - Katie Girls - [720p webdl h264].mkv was This Is
2018-10-11 00:45 INFO     subtitles     download-subtitles Name computed for /mnt/YAMATO/Series/The Gifted/The Gifted - S02E03 - coMplications - [1080p hdtv h264].mkv was The Gifted
2018-10-11 00:45 INFO     subtitles     download-subtitles Name computed for /mnt/YAMATO/Series/Speechless/Speechless - S03E01 - L-O-N-- LONDON (1) - [720p hdtv h264].mkv was Speechless
2018-10-11 00:45 INFO     subtitles     download-subtitles Name computed for /mnt/YAMATO/Series/The Last Ship/The Last Ship - S05E05 - Warriors - [720p webrip h265].mkv was The Last Ship
2018-10-11 00:45 INFO     subtitles     download-subtitles Name computed for /mnt/YAMATO/Series/American Horror Story/American Horror Story - S08E05 - Boy Wonder - [720p webrip h264].mkv was American Horror Story
2018-10-11 01:00 WARNING  inputs        download-series-rss Error during input plugin rss: HTTP error 502 received from http://showrss.info/user/5325.rss?magnets=true&namespaces=true&name=null&quality=null&re=null
2018-10-11 01:15 INFO     exec          move-series     Stdout: find: ‘/mnt/BISMARK/downloads/series/*’: No such file or directory
2018-10-11 01:15 INFO     exec          move-movies     Stdout: find: ‘/mnt/BISMARK/downloads/filmes/*’: No such file or directory
2018-10-11 01:15 INFO     subtitles     download-subtitles Name computed for /mnt/YAMATO/Series/This Is Us/This Is Us - S03E03 - Katie Girls - [720p webdl h264].mkv was This Is
2018-10-11 01:15 INFO     subtitles     download-subtitles Name computed for /mnt/YAMATO/Series/The Gifted/The Gifted - S02E03 - coMplications - [1080p hdtv h264].mkv was The Gifted
2018-10-11 01:15 INFO     subtitles     download-subtitles Name computed for /mnt/YAMATO/Series/Speechless/Speechless - S03E01 - L-O-N-- LONDON (1) - [720p hdtv h264].mkv was Speechless
2018-10-11 01:15 INFO     subtitles     download-subtitles Name computed for /mnt/YAMATO/Series/The Last Ship/The Last Ship - S05E05 - Warriors - [720p webrip h265].mkv was The Last Ship
2018-10-11 01:15 INFO     subtitles     download-subtitles Name computed for /mnt/YAMATO/Series/American Horror Story/American Horror Story - S08E05 - Boy Wonder - [720p webrip h264].mkv was American Horror Story
2018-10-11 01:45 INFO     exec          move-series     Stdout: find: ‘/mnt/BISMARK/downloads/series/*’: No such file or directory
2018-10-11 01:45 INFO     exec          move-movies     Stdout: find: ‘/mnt/BISMARK/downloads/filmes/*’: No such file or directory
2018-10-11 01:45 INFO     subtitles     download-subtitles Name computed for /mnt/YAMATO/Series/This Is Us/This Is Us - S03E03 - Katie Girls - [720p webdl h264].mkv was This Is
2018-10-11 01:45 INFO     subtitles     download-subtitles Name computed for /mnt/YAMATO/Series/The Gifted/The Gifted - S02E03 - coMplications - [1080p hdtv h264].mkv was The Gifted
2018-10-11 01:45 INFO     subtitles     download-subtitles Name computed for /mnt/YAMATO/Series/Speechless/Speechless - S03E01 - L-O-N-- LONDON (1) - [720p hdtv h264].mkv was Speechless
2018-10-11 01:45 INFO     subtitles     download-subtitles Name computed for /mnt/YAMATO/Series/The Last Ship/The Last Ship - S05E05 - Warriors - [720p webrip h265].mkv was The Last Ship
2018-10-11 01:45 INFO     subtitles     download-subtitles Name computed for /mnt/YAMATO/Series/American Horror Story/American Horror Story - S08E05 - Boy Wonder - [720p webrip h264].mkv was American Horror Story
2018-10-11 02:00 WARNING  inputs        download-series-rss Error during input plugin rss: HTTP error 502 received from http://showrss.info/user/5325.rss?magnets=true&namespaces=true&name=null&quality=null&re=null
2018-10-11 02:00 INFO     api_tvdb      get-series-nextep Data for <TVDBEpisode series=The Flash (2014),season=5,episode=1> has expired, refreshing from tvdb
2018-10-11 02:00 ERROR    lazy_lookup   get-series-nextep Unhandled error in lazy lookup plugin: %d format: a number is required, not NoneType
Traceback (most recent call last):
  File "/home/braga/flexget/lib/python2.7/site-packages/flexget/utils/lazy_dict.py", line 37, in __getitem__
    func(self.store)
  File "/home/braga/flexget/lib/python2.7/site-packages/flexget/plugins/metainfo/thetvdb_lookup.py", line 159, in lazy_episode_lookup
    entry.update_using_map(self.episode_map, episode)
  File "/home/braga/flexget/lib/python2.7/site-packages/flexget/entry.py", line 276, in update_using_map
    v = value(source_item)
  File "/home/braga/flexget/lib/python2.7/site-packages/flexget/plugins/metainfo/thetvdb_lookup.py", line 99, in <lambda>
    'tvdb_ep_id': lambda ep: 'S%02dE%02d' % (ep.season_number, ep.episode_number)
TypeError: %d format: a number is required, not NoneType
