2018-10-07 22:45 INFO     subtitles     download-subtitles Name computed for /mnt/YAMATO/Series/The Man in the High Castle/The Man in the High Castle - S03E06 - History Ends - [720p webdl h264].mkv was The Man in the High Castle
2018-10-07 22:45 INFO     subtitles     download-subtitles Name computed for /mnt/YAMATO/Series/A Discovery of Witches/A Discovery of Witches - S01E04 - Episode 4 - [720p hdtv h264].mkv was A Discovery of Witches
2018-10-07 22:45 INFO     subtitles     download-subtitles Name computed for /mnt/YAMATO/Series/The Man in the High Castle/The Man in the High Castle - S03E03 - Sensô Kôi - [720p webdl h264].mkv was The Man in the High Castle
2018-10-07 22:45 INFO     subtitles     download-subtitles Name computed for /mnt/YAMATO/Series/The Man in the High Castle/The Man in the High Castle - S03E09 - Baku - [720p webdl h264].mkv was The Man in the High Castle
2018-10-07 22:45 INFO     subtitles     download-subtitles Name computed for /mnt/YAMATO/Series/Kidding/Kidding - S01E05 - The New You - [720p webdl h264].mkv was Kidding
2018-10-07 22:45 INFO     subtitles     download-subtitles Name computed for /mnt/YAMATO/Series/The Man in the High Castle/The Man in the High Castle - S03E02 - Imagine Manchuria - [720p webdl h264].mkv was The Man in the High Castle
2018-10-07 23:00 WARNING  inputs        download-series-rss Error during input plugin rss: HTTP error 502 received from http://showrss.info/user/5325.rss?magnets=true&namespaces=true&name=null&quality=null&re=null
2018-10-07 23:00 INFO     series        download-series-rss `The Last Ship`: timeframe waiting for 00h:30min. Currently best is `The Last Ship S05E05 720p WEBRip x264-TBS`.
2018-10-07 23:15 INFO     exec          move-series     Stdout: find: ‘/mnt/BISMARK/downloads/series/*’: No such file or directory
2018-10-07 23:15 INFO     exec          move-movies     Stdout: find: ‘/mnt/BISMARK/downloads/filmes/*’: No such file or directory
2018-10-07 23:15 INFO     subtitles     download-subtitles Name computed for /mnt/YAMATO/Series/The Man in the High Castle/The Man in the High Castle - S03E07 - Excess Animus - [720p webdl h264].mkv was The Man in the High Castle
2018-10-07 23:15 INFO     subtitles     download-subtitles Name computed for /mnt/YAMATO/Series/Speechless/Speechless - S03E01 - L-O-N-- LONDON (1) - [720p hdtv h264].mkv was Speechless
2018-10-07 23:15 INFO     subtitles     download-subtitles Name computed for /mnt/MOGAMI/Filmes/Mata Batin (2017) - [720p webdl h264 dd+5.1].mkv was Mata Batin
2018-10-07 23:15 INFO     subtitles     download-subtitles Name computed for /mnt/YAMATO/Series/The Man in the High Castle/The Man in the High Castle - S03E08 - Kasumi (Through the Mists) - [720p webdl h264].mkv was The Man in the High Castle
2018-10-07 23:15 INFO     subtitles     download-subtitles Name computed for /mnt/YAMATO/Series/The Man in the High Castle/The Man in the High Castle - S03E05 - The New Colossus - [720p webdl h264].mkv was The Man in the High Castle
2018-10-07 23:15 INFO     subtitles     download-subtitles Name computed for /mnt/YAMATO/Series/This Is Us/This Is Us - S03E02 - A Philadelphia Story - [720p hdtv h264].mkv was This Is
2018-10-07 23:15 INFO     subtitles     download-subtitles Name computed for /mnt/YAMATO/Series/The Walking Dead/The Walking Dead - S09E01 - A New Beginning - [720p webrip h264].mkv was The Walking Dead
2018-10-07 23:15 INFO     subtitles     download-subtitles Name computed for /mnt/YAMATO/Series/The Man in the High Castle/The Man in the High Castle - S03E04 - Sabra - [720p webdl h264].mkv was The Man in the High Castle
2018-10-07 23:15 INFO     subtitles     download-subtitles Name computed for /mnt/YAMATO/Series/Channel Zero/Channel Zero - S04E01 - Ashes On My Pillow - [720p webdl h264].mkv was Channel Zero
2018-10-07 23:15 INFO     subtitles     download-subtitles Name computed for /mnt/YAMATO/Series/The Man in the High Castle/The Man in the High Castle - S03E01 - Now More Than Ever, We Care About You - [720p webdl h264].mkv was The Man in the High Castle
2018-10-07 23:15 INFO     subtitles     download-subtitles Subtitles found for /mnt/YAMATO/Series/The Man in the High Castle/The Man in the High Castle - S03E01 - Now More Than Ever, We Care About You - [720p webdl h264].mkv
2018-10-07 23:15 INFO     subtitles     download-subtitles Name computed for /mnt/YAMATO/Series/The Man in the High Castle/The Man in the High Castle - S03E10 - Jahr Null - [720p webdl h264].mkv was The Man in the High Castle
2018-10-07 23:15 INFO     subtitles     download-subtitles Name computed for /mnt/YAMATO/Series/The Man in the High Castle/The Man in the High Castle - S03E06 - History Ends - [720p webdl h264].mkv was The Man in the High Castle
2018-10-07 23:15 INFO     subtitles     download-subtitles Name computed for /mnt/YAMATO/Series/A Discovery of Witches/A Discovery of Witches - S01E04 - Episode 4 - [720p hdtv h264].mkv was A Discovery of Witches
2018-10-07 23:15 INFO     subtitles     download-subtitles Name computed for /mnt/YAMATO/Series/The Man in the High Castle/The Man in the High Castle - S03E03 - Sensô Kôi - [720p webdl h264].mkv was The Man in the High Castle
2018-10-07 23:15 INFO     subtitles     download-subtitles Name computed for /mnt/YAMATO/Series/The Man in the High Castle/The Man in the High Castle - S03E09 - Baku - [720p webdl h264].mkv was The Man in the High Castle
2018-10-07 23:15 INFO     subtitles     download-subtitles Name computed for /mnt/YAMATO/Series/Kidding/Kidding - S01E05 - The New You - [720p webdl h264].mkv was Kidding
2018-10-07 23:15 INFO     subtitles     download-subtitles Name computed for /mnt/YAMATO/Series/The Man in the High Castle/The Man in the High Castle - S03E02 - Imagine Manchuria - [720p webdl h264].mkv was The Man in the High Castle
2018-10-07 23:30 INFO     series        download-series-rss `The Last Ship`: timeframe waiting for 00h:00min. Currently best is `The Last Ship S05E05 720p WEBRip x264-TBS`.
2018-10-07 23:45 INFO     exec          move-series     Stdout: find: ‘/mnt/BISMARK/downloads/series/*’: No such file or directory
2018-10-07 23:45 INFO     exec          move-movies     Stdout: find: ‘/mnt/BISMARK/downloads/filmes/*’: No such file or directory
2018-10-07 23:45 INFO     subtitles     download-subtitles Name computed for /mnt/YAMATO/Series/The Man in the High Castle/The Man in the High Castle - S03E07 - Excess Animus - [720p webdl h264].mkv was The Man in the High Castle
2018-10-07 23:45 INFO     subtitles     download-subtitles Name computed for /mnt/YAMATO/Series/Speechless/Speechless - S03E01 - L-O-N-- LONDON (1) - [720p hdtv h264].mkv was Speechless
2018-10-07 23:45 INFO     subtitles     download-subtitles Name computed for /mnt/MOGAMI/Filmes/Mata Batin (2017) - [720p webdl h264 dd+5.1].mkv was Mata Batin
2018-10-07 23:45 INFO     subtitles     download-subtitles Name computed for /mnt/YAMATO/Series/The Man in the High Castle/The Man in the High Castle - S03E08 - Kasumi (Through the Mists) - [720p webdl h264].mkv was The Man in the High Castle
2018-10-07 23:45 INFO     subtitles     download-subtitles Name computed for /mnt/YAMATO/Series/The Man in the High Castle/The Man in the High Castle - S03E05 - The New Colossus - [720p webdl h264].mkv was The Man in the High Castle
2018-10-07 23:45 INFO     subtitles     download-subtitles Name computed for /mnt/YAMATO/Series/This Is Us/This Is Us - S03E02 - A Philadelphia Story - [720p hdtv h264].mkv was This Is
2018-10-07 23:45 INFO     subtitles     download-subtitles Name computed for /mnt/YAMATO/Series/The Walking Dead/The Walking Dead - S09E01 - A New Beginning - [720p webrip h264].mkv was The Walking Dead
2018-10-07 23:45 INFO     subtitles     download-subtitles Name computed for /mnt/YAMATO/Series/The Man in the High Castle/The Man in the High Castle - S03E04 - Sabra - [720p webdl h264].mkv was The Man in the High Castle
2018-10-07 23:45 INFO     subtitles     download-subtitles Name computed for /mnt/YAMATO/Series/Channel Zero/Channel Zero - S04E01 - Ashes On My Pillow - [720p webdl h264].mkv was Channel Zero
2018-10-07 23:45 INFO     subtitles     download-subtitles Name computed for /mnt/YAMATO/Series/The Man in the High Castle/The Man in the High Castle - S03E01 - Now More Than Ever, We Care About You - [720p webdl h264].mkv was The Man in the High Castle
2018-10-07 23:45 INFO     subtitles     download-subtitles Subtitles found for /mnt/YAMATO/Series/The Man in the High Castle/The Man in the High Castle - S03E01 - Now More Than Ever, We Care About You - [720p webdl h264].mkv
2018-10-07 23:45 INFO     subtitles     download-subtitles Name computed for /mnt/YAMATO/Series/The Man in the High Castle/The Man in the High Castle - S03E10 - Jahr Null - [720p webdl h264].mkv was The Man in the High Castle
2018-10-07 23:45 INFO     subtitles     download-subtitles Name computed for /mnt/YAMATO/Series/The Man in the High Castle/The Man in the High Castle - S03E06 - History Ends - [720p webdl h264].mkv was The Man in the High Castle
2018-10-07 23:45 INFO     subtitles     download-subtitles Name computed for /mnt/YAMATO/Series/A Discovery of Witches/A Discovery of Witches - S01E04 - Episode 4 - [720p hdtv h264].mkv was A Discovery of Witches
2018-10-07 23:45 INFO     subtitles     download-subtitles Name computed for /mnt/YAMATO/Series/The Man in the High Castle/The Man in the High Castle - S03E03 - Sensô Kôi - [720p webdl h264].mkv was The Man in the High Castle
2018-10-07 23:45 INFO     subtitles     download-subtitles Name computed for /mnt/YAMATO/Series/The Man in the High Castle/The Man in the High Castle - S03E09 - Baku - [720p webdl h264].mkv was The Man in the High Castle
2018-10-07 23:45 INFO     subtitles     download-subtitles Name computed for /mnt/YAMATO/Series/Kidding/Kidding - S01E05 - The New You - [720p webdl h264].mkv was Kidding
2018-10-07 23:45 INFO     subtitles     download-subtitles Name computed for /mnt/YAMATO/Series/The Man in the High Castle/The Man in the High Castle - S03E02 - Imagine Manchuria - [720p webdl h264].mkv was The Man in the High Castle
2018-10-08 00:01 CRITICAL task          clean-movies-queue BUG: Unhandled error in plugin list_remove: 'NoneType' object has no attribute 'split'
Traceback (most recent call last):
  File "/home/braga/flexget/lib/python2.7/site-packages/flexget/task.py", line 486, in __run_plugin
    return method(*args, **kwargs)
  File "/home/braga/flexget/lib/python2.7/site-packages/flexget/event.py", line 23, in __call__
    return self.func(*args, **kwargs)
  File "/home/braga/flexget/lib/python2.7/site-packages/flexget/plugins/output/list_remove.py", line 45, in on_task_output
    thelist -= task.accepted
  File "/home/braga/flexget/lib64/python2.7/_abcoll.py", line 356, in __isub__
    self.discard(value)
  File "/home/braga/flexget/lib/python2.7/site-packages/flexget/plugins/list/movie_list.py", line 168, in discard
    db_movie = self._find_entry(entry, session=session)
  File "/home/braga/flexget/lib/python2.7/site-packages/flexget/utils/database.py", line 31, in wrapper
    return func(*args, **kwargs)
  File "/home/braga/flexget/lib/python2.7/site-packages/flexget/plugins/list/movie_list.py", line 193, in _find_entry
    self._parse_title(entry)
  File "/home/braga/flexget/lib/python2.7/site-packages/flexget/plugins/list/movie_list.py", line 211, in _parse_title
    parser.name = normalize_name(remove_dirt(parser.name))
  File "/home/braga/flexget/lib/python2.7/site-packages/flexget/plugins/parsers/parser_common.py", line 103, in normalize_name
    name = capwords(name)
  File "/usr/lib64/python2.7/string.py", line 56, in capwords
    return (sep or ' ').join(x.capitalize() for x in s.split(sep))
AttributeError: 'NoneType' object has no attribute 'split'
