2018-10-10 13:14 INFO     subtitles     download-subtitles Name computed for /mnt/YAMATO/Series/Speechless/Speechless - S03E01 - L-O-N-- LONDON (1) - [720p hdtv h264].mkv was Speechless
2018-10-10 13:14 INFO     subtitles     download-subtitles Name computed for /mnt/YAMATO/Series/9-1-1/9-1-1 - S02E04 - Stuck - [720p hdtv h264].mkv was 9-1-1
2018-10-10 13:14 INFO     subtitles     download-subtitles Name computed for /mnt/YAMATO/Series/Kidding/Kidding - S01E05 - The New You - [720p webdl h264].mkv was Kidding
2018-10-10 13:14 INFO     subtitles     download-subtitles Name computed for /mnt/YAMATO/Series/The Last Ship/The Last Ship - S05E05 - Warriors - [720p webrip h265].mkv was The Last Ship
2018-10-10 13:15 INFO     exec          move-series     Stdout: find: ‘/mnt/BISMARK/downloads/series/*’: No such file or directory
2018-10-10 13:15 INFO     exec          move-movies     Stdout: find: ‘/mnt/BISMARK/downloads/filmes/*’: No such file or directory
2018-10-10 13:15 INFO     subtitles     download-subtitles Name computed for /mnt/YAMATO/Series/The Good Doctor/The Good Doctor - S02E03 - 36 Hours - [hdtv h264].mkv was The Good Doctor
2018-10-10 13:15 INFO     subtitles     download-subtitles Name computed for /mnt/YAMATO/Series/The Gifted/The Gifted - S02E03 - coMplications - [1080p hdtv h264].mkv was The Gifted
2018-10-10 13:15 INFO     subtitles     download-subtitles Name computed for /mnt/YAMATO/Series/Speechless/Speechless - S03E01 - L-O-N-- LONDON (1) - [720p hdtv h264].mkv was Speechless
2018-10-10 13:15 INFO     subtitles     download-subtitles Name computed for /mnt/YAMATO/Series/9-1-1/9-1-1 - S02E04 - Stuck - [720p hdtv h264].mkv was 9-1-1
2018-10-10 13:15 INFO     subtitles     download-subtitles Subtitles found for /mnt/YAMATO/Series/9-1-1/9-1-1 - S02E04 - Stuck - [720p hdtv h264].mkv
2018-10-10 13:15 INFO     subtitles     download-subtitles Name computed for /mnt/YAMATO/Series/Kidding/Kidding - S01E05 - The New You - [720p webdl h264].mkv was Kidding
2018-10-10 13:15 INFO     subtitles     download-subtitles Name computed for /mnt/YAMATO/Series/The Last Ship/The Last Ship - S05E05 - Warriors - [720p webrip h265].mkv was The Last Ship
2018-10-10 13:30 INFO     download      download-series-rss Downloading: This Is Us S03E03 iNTERNAL 720p WEB x264-CookieMonster
2018-10-10 13:30 WARNING  torrent_alive                 Socket Error: [Errno 111] Connection refused
2018-10-10 13:30 WARNING  torrent_alive                 Socket Error: [Errno 111] Connection refused
2018-10-10 13:30 WARNING  torrent_alive                 Socket Error: [Errno 111] Connection refused
2018-10-10 13:30 WARNING  torrent_alive                 Socket Error: [Errno 111] Connection refused
2018-10-10 13:30 WARNING  torrent_alive                 Socket Error: [Errno -2] Name or service not known
2018-10-10 13:30 WARNING  torrent_alive                 Socket Error: [Errno -2] Name or service not known
2018-10-10 13:30 WARNING  torrent_alive                 Socket Error: timed out
2018-10-10 13:30 WARNING  torrent_alive                 Socket Error: timed out
2018-10-10 13:30 WARNING  urllib3.connectionpool                 Retrying (Retry(total=0, connect=None, read=None, redirect=0, status=None)) after connection broken by 'NewConnectionError('<urllib3.connection.HTTPConnection object at 0x7ff068066750>: Failed to establish a new connection: [Errno 111] Connection refused',)': /scrape?info_hash=%BB%13%E3%A4%D1%B2L%13%8F%02K%83o0%15%0FN%3E%98%18
2018-10-10 13:30 WARNING  torrent_alive                 Socket Error: timed out
2018-10-10 13:30 WARNING  torrent_alive                 Socket Error: timed out
2018-10-10 13:30 WARNING  torrent_alive                 Socket Error: timed out
2018-10-10 13:30 WARNING  torrent_alive                 Socket Error: timed out
2018-10-10 13:30 WARNING  torrent_alive                 Socket Error: timed out
2018-10-10 13:30 WARNING  torrent_alive                 Socket Error: timed out
2018-10-10 13:30 WARNING  torrent_alive                 Socket Error: timed out
2018-10-10 13:30 WARNING  torrent_alive                 Socket Error: timed out
2018-10-10 13:30 WARNING  torrent_alive                 Socket Error: timed out
2018-10-10 13:30 WARNING  torrent_alive                 Socket Error: timed out
2018-10-10 13:30 WARNING  torrent_alive                 Socket Error: timed out
2018-10-10 13:30 WARNING  urllib3.connectionpool                 Retrying (Retry(total=0, connect=None, read=None, redirect=0, status=None)) after connection broken by 'ConnectTimeoutError(<urllib3.connection.HTTPConnection object at 0x7ff08b41c810>, 'Connection to retracker.spb.ru timed out. (connect timeout=30)')': /scrape?info_hash=%BB%13%E3%A4%D1%B2L%13%8F%02K%83o0%15%0FN%3E%98%18
2018-10-10 13:30 WARNING  urllib3.connectionpool                 Retrying (Retry(total=0, connect=None, read=None, redirect=0, status=None)) after connection broken by 'ConnectTimeoutError(<urllib3.connection.HTTPConnection object at 0x7ff068059950>, 'Connection to tracker.tfile.co timed out. (connect timeout=30)')': /scrape?info_hash=%BB%13%E3%A4%D1%B2L%13%8F%02K%83o0%15%0FN%3E%98%18
2018-10-10 13:30 WARNING  urllib3.connectionpool                 Retrying (Retry(total=0, connect=None, read=None, redirect=0, status=None)) after connection broken by 'ConnectTimeoutError(<urllib3.connection.HTTPConnection object at 0x7ff0680598d0>, 'Connection to tracker3.itzmx.com timed out. (connect timeout=30)')': /scrape?info_hash=%BB%13%E3%A4%D1%B2L%13%8F%02K%83o0%15%0FN%3E%98%18
2018-10-10 13:31 INFO     transmission  download-series-rss "This Is Us S03E03 iNTERNAL 720p WEB x264-CookieMonster" torrent added to transmission
2018-10-10 13:45 INFO     move          move-series     `/mnt/BISMARK/downloads/series/This Is Us/This.Is.Us.S03E03.iNTERNAL.720p.WEB.x264-CookieMonster[rarbg]/This Is Us - S03E03 - Katie Girls - [720p webdl h264].mkv` has been moved to `/mnt/YAMATO/Series/This Is Us/This Is Us - S03E03 - Katie Girls - [720p webdl h264].mkv`
2018-10-10 13:45 INFO     move          move-series     Path `/mnt/BISMARK/downloads/series/This Is Us/This.Is.Us.S03E03.iNTERNAL.720p.WEB.x264-CookieMonster[rarbg]` has been deleted because was less than clean_source safe value.
2018-10-10 13:45 INFO     exec          move-movies     Stdout: find: ‘/mnt/BISMARK/downloads/filmes/*’: No such file or directory
2018-10-10 13:45 INFO     subtitles     download-subtitles Name computed for /mnt/YAMATO/Series/The Good Doctor/The Good Doctor - S02E03 - 36 Hours - [hdtv h264].mkv was The Good Doctor
2018-10-10 13:45 INFO     subtitles     download-subtitles Name computed for /mnt/YAMATO/Series/The Gifted/The Gifted - S02E03 - coMplications - [1080p hdtv h264].mkv was The Gifted
2018-10-10 13:45 INFO     subtitles     download-subtitles Name computed for /mnt/YAMATO/Series/Speechless/Speechless - S03E01 - L-O-N-- LONDON (1) - [720p hdtv h264].mkv was Speechless
2018-10-10 13:45 INFO     subtitles     download-subtitles Name computed for /mnt/YAMATO/Series/This Is Us/This Is Us - S03E03 - Katie Girls - [720p webdl h264].mkv was This Is
2018-10-10 13:45 INFO     subtitles     download-subtitles Name computed for /mnt/YAMATO/Series/Kidding/Kidding - S01E05 - The New You - [720p webdl h264].mkv was Kidding
2018-10-10 13:45 INFO     subtitles     download-subtitles Name computed for /mnt/YAMATO/Series/The Last Ship/The Last Ship - S05E05 - Warriors - [720p webrip h265].mkv was The Last Ship
2018-10-10 14:00 WARNING  inputs        download-series-rss Error during input plugin rss: HTTP error 521 received from https://eztv.ag/ezrss.xml
2018-10-10 14:00 INFO     api_tvdb      get-series-nextep Data for <TVDBEpisode series=The Flash (2014),season=5,episode=1> has expired, refreshing from tvdb
2018-10-10 14:00 ERROR    lazy_lookup   get-series-nextep Unhandled error in lazy lookup plugin: %d format: a number is required, not NoneType
Traceback (most recent call last):
  File "/home/braga/flexget/lib/python2.7/site-packages/flexget/utils/lazy_dict.py", line 37, in __getitem__
    func(self.store)
  File "/home/braga/flexget/lib/python2.7/site-packages/flexget/plugins/metainfo/thetvdb_lookup.py", line 159, in lazy_episode_lookup
    entry.update_using_map(self.episode_map, episode)
  File "/home/braga/flexget/lib/python2.7/site-packages/flexget/entry.py", line 276, in update_using_map
    v = value(source_item)
  File "/home/braga/flexget/lib/python2.7/site-packages/flexget/plugins/metainfo/thetvdb_lookup.py", line 99, in <lambda>
    'tvdb_ep_id': lambda ep: 'S%02dE%02d' % (ep.season_number, ep.episode_number)
TypeError: %d format: a number is required, not NoneType
