2018-10-09 02:15 INFO     subtitles     download-subtitles Name computed for /mnt/YAMATO/Series/A Discovery of Witches/A Discovery of Witches - S01E04 - Episode 4 - [720p hdtv h264].mkv was A Discovery of Witches
2018-10-09 02:15 INFO     subtitles     download-subtitles Name computed for /mnt/YAMATO/Series/Kidding/Kidding - S01E05 - The New You - [720p webdl h264].mkv was Kidding
2018-10-09 02:15 INFO     subtitles     download-subtitles Name computed for /mnt/YAMATO/Series/This Is Us/This Is Us - S03E02 - A Philadelphia Story - [720p hdtv h264].mkv was This Is
2018-10-09 02:15 INFO     subtitles     download-subtitles Name computed for /mnt/YAMATO/Series/The Last Ship/The Last Ship - S05E05 - Warriors - [720p webrip h265].mkv was The Last Ship
2018-10-09 02:30 INFO     remember_rej  download-series-rss Remembering rejection of `9 1 1 S02E04 720p HDTV x264 LucidTV`
2018-10-09 02:30 INFO     task          download-series-rss Plugin content_size has requested task to be ran again after execution has completed.
2018-10-09 02:30 INFO     task          download-series-rss Rerunning the task in case better resolution can be achieved.
2018-10-09 02:30 INFO     download      download-series-rss Downloading: 9-1-1 S02E04 720p HDTV x264-LucidTV
2018-10-09 02:30 WARNING  torrent_alive                 Socket Error: [Errno -2] Name or service not known
2018-10-09 02:30 WARNING  torrent_alive                 Socket Error: timed out
2018-10-09 02:30 WARNING  torrent_alive                 Socket Error: timed out
2018-10-09 02:30 INFO     api_tvdb      download-series-rss Data for <TVDBEpisode series=9-1-1,season=2,episode=4> has expired, refreshing from tvdb
2018-10-09 02:30 INFO     transmission  download-series-rss "9-1-1 S02E04 720p HDTV x264-LucidTV" torrent added to transmission
2018-10-09 02:30 WARNING  notify        download-series-rss Error while sending notification to `pushbullet`: HTTPSConnectionPool(host='api.pushbullet.com', port=443): Max retries exceeded with url: /v2/pushes (Caused by NewConnectionError('<urllib3.connection.VerifiedHTTPSConnection object at 0x7f6930105110>: Failed to establish a new connection: [Errno 101] Network is unreachable',))
2018-10-09 02:45 INFO     exec          move-movies     Stdout: find: ‘/mnt/BISMARK/downloads/filmes/*’: No such file or directory
2018-10-09 02:45 INFO     subtitles     download-subtitles Name computed for /mnt/YAMATO/Series/The Good Doctor/The Good Doctor - S02E03 - 36 Hours - [hdtv h264].mkv was The Good Doctor
2018-10-09 02:45 INFO     subtitles     download-subtitles Name computed for /mnt/YAMATO/Series/Speechless/Speechless - S03E01 - L-O-N-- LONDON (1) - [720p hdtv h264].mkv was Speechless
2018-10-09 02:45 INFO     subtitles     download-subtitles Name computed for /mnt/YAMATO/Series/Channel Zero/Channel Zero - S04E01 - Ashes On My Pillow - [720p webdl h264].mkv was Channel Zero
2018-10-09 02:45 INFO     subtitles     download-subtitles Name computed for /mnt/YAMATO/Series/A Discovery of Witches/A Discovery of Witches - S01E04 - Episode 4 - [720p hdtv h264].mkv was A Discovery of Witches
2018-10-09 02:45 INFO     subtitles     download-subtitles Subtitles found for /mnt/YAMATO/Series/A Discovery of Witches/A Discovery of Witches - S01E04 - Episode 4 - [720p hdtv h264].mkv
2018-10-09 02:45 INFO     subtitles     download-subtitles Name computed for /mnt/YAMATO/Series/Kidding/Kidding - S01E05 - The New You - [720p webdl h264].mkv was Kidding
2018-10-09 02:45 INFO     subtitles     download-subtitles Name computed for /mnt/YAMATO/Series/This Is Us/This Is Us - S03E02 - A Philadelphia Story - [720p hdtv h264].mkv was This Is
2018-10-09 02:45 INFO     subtitles     download-subtitles Name computed for /mnt/YAMATO/Series/The Last Ship/The Last Ship - S05E05 - Warriors - [720p webrip h265].mkv was The Last Ship
2018-10-09 03:00 WARNING  urllib3.connectionpool                 Retrying (Retry(total=0, connect=None, read=None, redirect=0, status=None)) after connection broken by 'NewConnectionError('<urllib3.connection.HTTPConnection object at 0x7f692830a490>: Failed to establish a new connection: [Errno -2] Name or service not known',)': /user/5325.rss?magnets=true&namespaces=true&name=null&quality=null&re=null
2018-10-09 03:00 WARNING  inputs        download-series-rss Error during input plugin rss: Unable to download the RSS for task download-series-rss (http://showrss.info/user/5325.rss?magnets=true&namespaces=true&name=null&quality=null&re=null): HTTPConnectionPool(host='showrss.info', port=80): Max retries exceeded with url: /user/5325.rss?magnets=true&namespaces=true&name=null&quality=null&re=null (Caused by NewConnectionError('<urllib3.connection.HTTPConnection object at 0x7f692830aa50>: Failed to establish a new connection: [Errno -2] Name or service not known',))
2018-10-09 03:01 WARNING  inputs        download-series-rss Error during input plugin rss: Unable to download the RSS for task download-series-rss (https://eztv.ag/ezrss.xml): HTTPSConnectionPool(host='eztv.ag', port=443): Max retries exceeded with url: /ezrss.xml (Caused by NewConnectionError('<urllib3.connection.VerifiedHTTPSConnection object at 0x7f6928591dd0>: Failed to establish a new connection: [Errno -2] Name or service not known',))
2018-10-09 03:01 WARNING  inputs        download-series-rss Error during input plugin rss: Unable to download the RSS for task download-series-rss (https://www.limetorrents.cc/rss/20/): HTTPSConnectionPool(host='www.limetorrents.cc', port=443): Max retries exceeded with url: /rss/20/ (Caused by NewConnectionError('<urllib3.connection.VerifiedHTTPSConnection object at 0x7f692853d050>: Failed to establish a new connection: [Errno -2] Name or service not known',))
2018-10-09 03:16 INFO     move          move-series     `/mnt/BISMARK/downloads/series/9-1-1/9-1-1 - S02E04 - Stuck - [720p hdtv h264].mkv` has been moved to `/mnt/YAMATO/Series/9-1-1/9-1-1 - S02E04 - Stuck - [720p hdtv h264].mkv`
2018-10-09 03:16 INFO     move          move-series     Path `/mnt/BISMARK/downloads/series/9-1-1` has been deleted because was less than clean_source safe value.
2018-10-09 03:16 INFO     exec          move-series     Stdout: find: ‘/mnt/BISMARK/downloads/series/*’: No such file or directory
2018-10-09 03:16 INFO     exec          move-movies     Stdout: find: ‘/mnt/BISMARK/downloads/filmes/*’: No such file or directory
2018-10-09 03:16 INFO     subtitles     download-subtitles Name computed for /mnt/YAMATO/Series/The Good Doctor/The Good Doctor - S02E03 - 36 Hours - [hdtv h264].mkv was The Good Doctor
2018-10-09 03:16 INFO     subtitles     download-subtitles Name computed for /mnt/YAMATO/Series/Speechless/Speechless - S03E01 - L-O-N-- LONDON (1) - [720p hdtv h264].mkv was Speechless
2018-10-09 03:16 INFO     subtitles     download-subtitles Name computed for /mnt/YAMATO/Series/9-1-1/9-1-1 - S02E04 - Stuck - [720p hdtv h264].mkv was 9-1-1
2018-10-09 03:16 INFO     subtitles     download-subtitles Name computed for /mnt/YAMATO/Series/Channel Zero/Channel Zero - S04E01 - Ashes On My Pillow - [720p webdl h264].mkv was Channel Zero
2018-10-09 03:16 INFO     subtitles     download-subtitles Name computed for /mnt/YAMATO/Series/Kidding/Kidding - S01E05 - The New You - [720p webdl h264].mkv was Kidding
2018-10-09 03:16 INFO     subtitles     download-subtitles Name computed for /mnt/YAMATO/Series/This Is Us/This Is Us - S03E02 - A Philadelphia Story - [720p hdtv h264].mkv was This Is
2018-10-09 03:16 INFO     subtitles     download-subtitles Name computed for /mnt/YAMATO/Series/The Last Ship/The Last Ship - S05E05 - Warriors - [720p webrip h265].mkv was The Last Ship
2018-10-09 03:45 INFO     exec          move-series     Stdout: find: ‘/mnt/BISMARK/downloads/series/*’: No such file or directory
2018-10-09 03:45 INFO     exec          move-movies     Stdout: find: ‘/mnt/BISMARK/downloads/filmes/*’: No such file or directory
2018-10-09 03:45 INFO     subtitles     download-subtitles Name computed for /mnt/YAMATO/Series/The Good Doctor/The Good Doctor - S02E03 - 36 Hours - [hdtv h264].mkv was The Good Doctor
2018-10-09 03:45 INFO     subtitles     download-subtitles Name computed for /mnt/YAMATO/Series/Speechless/Speechless - S03E01 - L-O-N-- LONDON (1) - [720p hdtv h264].mkv was Speechless
2018-10-09 03:45 INFO     subtitles     download-subtitles Name computed for /mnt/YAMATO/Series/9-1-1/9-1-1 - S02E04 - Stuck - [720p hdtv h264].mkv was 9-1-1
2018-10-09 03:45 INFO     subtitles     download-subtitles Name computed for /mnt/YAMATO/Series/Channel Zero/Channel Zero - S04E01 - Ashes On My Pillow - [720p webdl h264].mkv was Channel Zero
2018-10-09 03:45 INFO     subtitles     download-subtitles Name computed for /mnt/YAMATO/Series/Kidding/Kidding - S01E05 - The New You - [720p webdl h264].mkv was Kidding
2018-10-09 03:45 INFO     subtitles     download-subtitles Name computed for /mnt/YAMATO/Series/This Is Us/This Is Us - S03E02 - A Philadelphia Story - [720p hdtv h264].mkv was This Is
2018-10-09 03:45 INFO     subtitles     download-subtitles Name computed for /mnt/YAMATO/Series/The Last Ship/The Last Ship - S05E05 - Warriors - [720p webrip h265].mkv was The Last Ship
2018-10-09 04:00 WARNING  inputs        download-series-rss Error during input plugin rss: HTTP error 502 received from http://showrss.info/user/5325.rss?magnets=true&namespaces=true&name=null&quality=null&re=null
2018-10-09 04:00 INFO     api_tvdb      get-series-nextep Data for <TVDBEpisode series=The Flash (2014),season=5,episode=1> has expired, refreshing from tvdb
2018-10-09 04:00 ERROR    lazy_lookup   get-series-nextep Unhandled error in lazy lookup plugin: %d format: a number is required, not NoneType
Traceback (most recent call last):
  File "/home/braga/flexget/lib/python2.7/site-packages/flexget/utils/lazy_dict.py", line 37, in __getitem__
    func(self.store)
  File "/home/braga/flexget/lib/python2.7/site-packages/flexget/plugins/metainfo/thetvdb_lookup.py", line 159, in lazy_episode_lookup
    entry.update_using_map(self.episode_map, episode)
  File "/home/braga/flexget/lib/python2.7/site-packages/flexget/entry.py", line 276, in update_using_map
    v = value(source_item)
  File "/home/braga/flexget/lib/python2.7/site-packages/flexget/plugins/metainfo/thetvdb_lookup.py", line 99, in <lambda>
    'tvdb_ep_id': lambda ep: 'S%02dE%02d' % (ep.season_number, ep.episode_number)
TypeError: %d format: a number is required, not NoneType
