2018-10-13 06:02 INFO     set_series_begin set-series-nextep First episode for "This Is Us 2016" set to S02E08
2018-10-13 06:02 INFO     set_series_begin set-series-nextep First episode for "Into the Badlands" set to S03E02
2018-10-13 06:02 INFO     set_series_begin set-series-nextep First episode for "Instinct None" set to S01E01
2018-10-13 06:02 INFO     set_series_begin set-series-nextep First episode for "Condor 2018" set to S01E04
2018-10-13 06:02 INFO     set_series_begin set-series-nextep First episode for "Westworld" set to S02E10
2018-10-13 06:02 INFO     set_series_begin set-series-nextep First episode for "Counterpart" set to S02E01
2018-10-13 06:02 INFO     set_series_begin set-series-nextep First episode for "Unforgotten" set to S04E01
2018-10-13 06:02 INFO     set_series_begin set-series-nextep First episode for "How To Get Away With Murder 2014" set to S01E15
2018-10-13 06:02 INFO     set_series_begin set-series-nextep First episode for "Deutschland 83" set to S02E01
2018-10-13 06:02 INFO     set_series_begin set-series-nextep First episode for "Britannia" set to S01E08
2018-10-13 06:02 INFO     set_series_begin set-series-nextep First episode for "The Inheritance Lawyer Shinichi Kakizaki 2016" set to S01E01
2018-10-13 06:02 INFO     set_series_begin set-series-nextep First episode for "Goliath" set to S03E01
2018-10-13 06:02 INFO     set_series_begin set-series-nextep First episode for "Outlander 2014" set to S04E01
2018-10-13 06:02 INFO     set_series_begin set-series-nextep First episode for "Salvation" set to S03E01
2018-10-13 06:02 INFO     set_series_begin set-series-nextep First episode for "The Handmaids Tale" set to S03E01
2018-10-13 06:02 INFO     set_series_begin set-series-nextep First episode for "Killjoys 2015" set to S02E01
2018-10-13 06:02 INFO     set_series_begin set-series-nextep First episode for "The Expanse" set to S03E13
2018-10-13 06:02 INFO     set_series_begin set-series-nextep First episode for "9-1-1" set to S01E05
2018-10-13 06:02 INFO     set_series_begin set-series-nextep First episode for "The Flash (2014)" set to S05E01
2018-10-13 06:02 INFO     set_series_begin set-series-nextep First episode for "Young Sheldon" set to S02E04
2018-10-13 06:02 INFO     set_series_begin set-series-nextep First episode for "House of Cards (US)" set to S05E12
2018-10-13 06:02 INFO     set_series_begin set-series-nextep First episode for "Into The Dark 2018" set to S02E01
2018-10-13 06:02 INFO     set_series_begin set-series-nextep First episode for "Frankie Drake Mysteries" set to S01E02
2018-10-13 06:02 INFO     set_series_begin set-series-nextep First episode for "Speechless" set to S02E14
2018-10-13 06:02 INFO     set_series_begin set-series-nextep First episode for "Golden Life" set to S02E01
2018-10-13 06:02 INFO     set_series_begin set-series-nextep First episode for "The Girlfriend Experience" set to S03E01
2018-10-13 06:02 INFO     set_series_begin set-series-nextep First episode for "Blindspot" set to S04E01
2018-10-13 06:15 INFO     exec          move-series     Stdout: find: ‘/mnt/BISMARK/downloads/series/*’: No such file or directory
2018-10-13 06:15 INFO     exec          move-movies     Stdout: find: ‘/mnt/BISMARK/downloads/filmes/*’: No such file or directory
2018-10-13 06:15 INFO     subtitles     download-subtitles Name computed for /mnt/YAMATO/Series/Supernatural/Supernatural - S14E01 - Stranger in a Strange Land - [720p hdtv h264].mkv was Supernatural
2018-10-13 06:15 CRITICAL task          download-subtitles BUG: Unhandled error in plugin subliminal: 'list' object has no attribute 'lower'
2018-10-13 06:15 CRITICAL manager       download-subtitles An unexpected crash has occurred. Writing crash report to /home/braga/flexget/crash_report.2018.10.13.061505236277.log. Please verify you are running the latest version of flexget by using "flexget -V" from CLI or by using version_checker plugin at http://flexget.com/wiki/Plugins/version_checker. You are currently using version 2.15.1
2018-10-13 06:15 WARNING  task          download-subtitles Aborting task (plugin: subliminal)
2018-10-13 06:30 INFO     parser_internal download-series-rss Title `www Torrent9 PH ] The Haunting of Hill House S01 VOSTFR NF WEB-DL XviD-EXTREME` looks like series `Www Torrent9 Ph ] The Haunting Of Hill House` but cannot find a(n) `ep` style identifier.
2018-10-13 06:45 INFO     exec          move-series     Stdout: find: ‘/mnt/BISMARK/downloads/series/*’: No such file or directory
2018-10-13 06:45 INFO     exec          move-movies     Stdout: find: ‘/mnt/BISMARK/downloads/filmes/*’: No such file or directory
2018-10-13 06:45 INFO     subtitles     download-subtitles Name computed for /mnt/YAMATO/Series/Supernatural/Supernatural - S14E01 - Stranger in a Strange Land - [720p hdtv h264].mkv was Supernatural
2018-10-13 06:45 CRITICAL task          download-subtitles BUG: Unhandled error in plugin subliminal: 'list' object has no attribute 'lower'
2018-10-13 06:45 CRITICAL manager       download-subtitles An unexpected crash has occurred. Writing crash report to /home/braga/flexget/crash_report.2018.10.13.064505107616.log. Please verify you are running the latest version of flexget by using "flexget -V" from CLI or by using version_checker plugin at http://flexget.com/wiki/Plugins/version_checker. You are currently using version 2.15.1
2018-10-13 06:45 WARNING  task          download-subtitles Aborting task (plugin: subliminal)
2018-10-13 07:15 INFO     exec          move-series     Stdout: find: ‘/mnt/BISMARK/downloads/series/*’: No such file or directory
2018-10-13 07:15 INFO     exec          move-movies     Stdout: find: ‘/mnt/BISMARK/downloads/filmes/*’: No such file or directory
2018-10-13 07:15 INFO     subtitles     download-subtitles Name computed for /mnt/YAMATO/Series/Supernatural/Supernatural - S14E01 - Stranger in a Strange Land - [720p hdtv h264].mkv was Supernatural
2018-10-13 07:15 CRITICAL task          download-subtitles BUG: Unhandled error in plugin subliminal: 'list' object has no attribute 'lower'
2018-10-13 07:15 CRITICAL manager       download-subtitles An unexpected crash has occurred. Writing crash report to /home/braga/flexget/crash_report.2018.10.13.071505128867.log. Please verify you are running the latest version of flexget by using "flexget -V" from CLI or by using version_checker plugin at http://flexget.com/wiki/Plugins/version_checker. You are currently using version 2.15.1
2018-10-13 07:15 WARNING  task          download-subtitles Aborting task (plugin: subliminal)
2018-10-13 07:45 INFO     exec          move-series     Stdout: find: ‘/mnt/BISMARK/downloads/series/*’: No such file or directory
2018-10-13 07:45 INFO     exec          move-movies     Stdout: find: ‘/mnt/BISMARK/downloads/filmes/*’: No such file or directory
2018-10-13 07:45 INFO     subtitles     download-subtitles Name computed for /mnt/YAMATO/Series/Supernatural/Supernatural - S14E01 - Stranger in a Strange Land - [720p hdtv h264].mkv was Supernatural
2018-10-13 07:45 CRITICAL task          download-subtitles BUG: Unhandled error in plugin subliminal: 'list' object has no attribute 'lower'
Traceback (most recent call last):
  File "/home/braga/flexget/lib/python2.7/site-packages/flexget/task.py", line 486, in __run_plugin
    return method(*args, **kwargs)
  File "/home/braga/flexget/lib/python2.7/site-packages/flexget/event.py", line 23, in __call__
    return self.func(*args, **kwargs)
  File "/home/braga/flexget/lib/python2.7/site-packages/flexget/plugins/output/subtitles_subliminal.py", line 197, in on_task_output
    hearing_impaired=hearing_impaired)
  File "/home/braga/flexget/lib/python2.7/site-packages/subliminal/core.py", line 211, in download_best_subtitles
    for s in subtitles], key=operator.itemgetter(1), reverse=True)
  File "/home/braga/flexget/lib/python2.7/site-packages/subliminal/score.py", line 106, in compute_score
    matches = subtitle.get_matches(video)
  File "/home/braga/flexget/lib/python2.7/site-packages/subliminal/providers/legendastv.py", line 147, in get_matches
    matches |= guess_matches(video, guessit(self.archive.name, {'type': self.type}))
  File "/home/braga/flexget/lib/python2.7/site-packages/subliminal/subtitle.py", line 235, in guess_matches
    if video.format and 'format' in guess and guess['format'].lower() == video.format.lower():
AttributeError: 'list' object has no attribute 'lower'
